#
# There is insufficient memory for the Java Runtime Environment to continue.
# Native memory allocation (mmap) failed to map 1048576 bytes. Error detail: G1 virtual space
# Possible reasons:
#   The system is out of physical RAM or swap space
#   This process is running with CompressedOops enabled, and the Java Heap may be blocking the growth of the native heap
# Possible solutions:
#   Reduce memory load on the system
#   Increase physical memory or swap space
#   Check if swap backing store is full
#   Decrease Java heap size (-Xmx/-Xms)
#   Decrease number of Java threads
#   Decrease Java thread stack sizes (-Xss)
#   Set larger code cache with -XX:ReservedCodeCacheSize=
#   JVM is running with Unscaled Compressed Oops mode in which the Java heap is
#     placed in the first 4GB address space. The Java Heap base address is the
#     maximum limit for the native heap growth. Please use -XX:HeapBaseMinAddress
#     to set the Java Heap base and to place the Java Heap above 4GB virtual address.
# This output file may be truncated or incomplete.
#
#  Out of Memory Error (os_windows.cpp:3828), pid=21460, tid=20312
#
# JRE version: OpenJDK Runtime Environment (21.0.4) (build 21.0.4+-12508038-b607.1)
# Java VM: OpenJDK 64-Bit Server VM (21.0.4+-12508038-b607.1, mixed mode, tiered, compressed oops, compressed class ptrs, g1 gc, windows-amd64)
# No core dump will be written. Minidumps are not enabled by default on client versions of Windows
#

---------------  S U M M A R Y ------------

Command Line: --add-opens=java.base/java.util=ALL-UNNAMED --add-opens=java.base/java.lang=ALL-UNNAMED --add-opens=java.base/java.lang.invoke=ALL-UNNAMED --add-opens=java.prefs/java.util.prefs=ALL-UNNAMED --add-exports=jdk.compiler/com.sun.tools.javac.api=ALL-UNNAMED --add-exports=jdk.compiler/com.sun.tools.javac.util=ALL-UNNAMED --add-opens=java.base/java.nio.charset=ALL-UNNAMED --add-opens=java.base/java.net=ALL-UNNAMED --add-opens=java.base/java.util.concurrent.atomic=ALL-UNNAMED -Xmx2048m -Dfile.encoding=UTF-8 -Duser.country=US -Duser.language=en -Duser.variant -javaagent:C:\Users\arima\.gradle\wrapper\dists\gradle-8.10.2-bin\a04bxjujx95o3nb99gddekhwo\gradle-8.10.2\lib\agents\gradle-instrumentation-agent-8.10.2.jar org.gradle.launcher.daemon.bootstrap.GradleDaemon 8.10.2

Host: AMD Ryzen 7 6800H with Radeon Graphics         , 16 cores, 7G,  Windows 11 , 64 bit Build 22621 (10.0.22621.4974)
Time: Tue Mar 18 19:47:16 2025 SE Asia Standard Time elapsed time: 3.245625 seconds (0d 0h 0m 3s)

---------------  T H R E A D  ---------------

Current thread (0x00000267ba5754e0):  WorkerThread "GC Thread#3"    [id=20312, stack(0x000000925f000000,0x000000925f100000) (1024K)]

Stack: [0x000000925f000000,0x000000925f100000]
Native frames: (J=compiled Java code, j=interpreted, Vv=VM code, C=native code)
V  [jvm.dll+0x6ce539]
V  [jvm.dll+0x85bf03]
V  [jvm.dll+0x85e45e]
V  [jvm.dll+0x85eb43]
V  [jvm.dll+0x27dd06]
V  [jvm.dll+0x6cada5]
V  [jvm.dll+0x6bf27a]
V  [jvm.dll+0x3541fb]
V  [jvm.dll+0x35be36]
V  [jvm.dll+0x3ad8cb]
V  [jvm.dll+0x3adf84]
V  [jvm.dll+0x3ae04d]
V  [jvm.dll+0x3280dc]
V  [jvm.dll+0x327e38]
V  [jvm.dll+0x316a16]
V  [jvm.dll+0x3178aa]
V  [jvm.dll+0x317dd8]
V  [jvm.dll+0x31770e]
V  [jvm.dll+0x35606a]
V  [jvm.dll+0x3563e6]
V  [jvm.dll+0x35752a]
V  [jvm.dll+0x3571a4]
V  [jvm.dll+0x36b729]
V  [jvm.dll+0x36bdea]
V  [jvm.dll+0x36bee7]
V  [jvm.dll+0x36cdcb]
V  [jvm.dll+0x889be4]
V  [jvm.dll+0x804418]
V  [jvm.dll+0x6cce0d]
C  [ucrtbase.dll+0x29333]
C  [KERNEL32.DLL+0x1259d]
C  [ntdll.dll+0x5af38]


---------------  P R O C E S S  ---------------

Threads class SMR info:
_java_thread_list=0x00000267bb759f10, length=28, elements={
0x000002679ac12670, 0x00000267b52cfcf0, 0x00000267b52d29c0, 0x00000267b52d6270,
0x00000267b52f5310, 0x00000267b52f5d70, 0x00000267b52e6200, 0x00000267b52ff310,
0x00000267b52e9d70, 0x00000267b5409740, 0x00000267b5079930, 0x00000267b583e7a0,
0x00000267b5866310, 0x00000267ba2ee3c0, 0x00000267bb11bb90, 0x00000267bb2baa20,
0x00000267bb352f70, 0x00000267bb322110, 0x00000267bb59d5d0, 0x00000267bb37d2e0,
0x00000267bb372280, 0x00000267bb589e40, 0x00000267bb58bf10, 0x00000267bb58ab60,
0x00000267bb58c5a0, 0x00000267bb58a4d0, 0x00000267bb58d2c0, 0x00000267bb58b1f0
}

Java Threads: ( => current thread )
  0x000002679ac12670 JavaThread "main"                              [_thread_blocked, id=18948, stack(0x000000925d900000,0x000000925da00000) (1024K)]
  0x00000267b52cfcf0 JavaThread "Reference Handler"          daemon [_thread_blocked, id=20336, stack(0x000000925e100000,0x000000925e200000) (1024K)]
  0x00000267b52d29c0 JavaThread "Finalizer"                  daemon [_thread_blocked, id=336, stack(0x000000925e200000,0x000000925e300000) (1024K)]
  0x00000267b52d6270 JavaThread "Signal Dispatcher"          daemon [_thread_blocked, id=12404, stack(0x000000925e300000,0x000000925e400000) (1024K)]
  0x00000267b52f5310 JavaThread "Attach Listener"            daemon [_thread_blocked, id=23152, stack(0x000000925e400000,0x000000925e500000) (1024K)]
  0x00000267b52f5d70 JavaThread "Service Thread"             daemon [_thread_blocked, id=18452, stack(0x000000925e500000,0x000000925e600000) (1024K)]
  0x00000267b52e6200 JavaThread "Monitor Deflation Thread"   daemon [_thread_blocked, id=3080, stack(0x000000925e600000,0x000000925e700000) (1024K)]
  0x00000267b52ff310 JavaThread "C2 CompilerThread0"         daemon [_thread_blocked, id=364, stack(0x000000925e700000,0x000000925e800000) (1024K)]
  0x00000267b52e9d70 JavaThread "C1 CompilerThread0"         daemon [_thread_blocked, id=13784, stack(0x000000925e800000,0x000000925e900000) (1024K)]
  0x00000267b5409740 JavaThread "Common-Cleaner"             daemon [_thread_blocked, id=6208, stack(0x000000925e900000,0x000000925ea00000) (1024K)]
  0x00000267b5079930 JavaThread "C1 CompilerThread1"         daemon [_thread_blocked, id=10216, stack(0x000000925ea00000,0x000000925eb00000) (1024K)]
  0x00000267b583e7a0 JavaThread "Notification Thread"        daemon [_thread_blocked, id=23492, stack(0x000000925eb00000,0x000000925ec00000) (1024K)]
  0x00000267b5866310 JavaThread "C2 CompilerThread1"         daemon [_thread_blocked, id=8648, stack(0x000000925ec00000,0x000000925ed00000) (1024K)]
  0x00000267ba2ee3c0 JavaThread "C1 CompilerThread2"         daemon [_thread_blocked, id=7600, stack(0x000000925ef00000,0x000000925f000000) (1024K)]
  0x00000267bb11bb90 JavaThread "Daemon health stats"               [_thread_blocked, id=7744, stack(0x000000925f400000,0x000000925f500000) (1024K)]
  0x00000267bb2baa20 JavaThread "C1 CompilerThread3"         daemon [_thread_blocked, id=20032, stack(0x000000925f500000,0x000000925f600000) (1024K)]
  0x00000267bb352f70 JavaThread "Incoming local TCP Connector on port 64036"        [_thread_in_native, id=22248, stack(0x000000925f600000,0x000000925f700000) (1024K)]
  0x00000267bb322110 JavaThread "Daemon periodic checks"            [_thread_blocked, id=8472, stack(0x000000925f700000,0x000000925f800000) (1024K)]
  0x00000267bb59d5d0 JavaThread "Daemon"                            [_thread_blocked, id=12868, stack(0x000000925f800000,0x000000925f900000) (1024K)]
  0x00000267bb37d2e0 JavaThread "Handler for socket connection from /127.0.0.1:64036 to /127.0.0.1:64037"        [_thread_in_native, id=10872, stack(0x000000925f900000,0x000000925fa00000) (1024K)]
  0x00000267bb372280 JavaThread "Cancel handler"                    [_thread_blocked, id=22820, stack(0x000000925fa00000,0x000000925fb00000) (1024K)]
  0x00000267bb589e40 JavaThread "Daemon worker"                     [_thread_blocked, id=2996, stack(0x000000925fb00000,0x000000925fc00000) (1024K)]
  0x00000267bb58bf10 JavaThread "Asynchronous log dispatcher for DefaultDaemonConnection: socket connection from /127.0.0.1:64036 to /127.0.0.1:64037"        [_thread_blocked, id=8688, stack(0x000000925fc00000,0x000000925fd00000) (1024K)]
  0x00000267bb58ab60 JavaThread "Stdin handler"                     [_thread_blocked, id=2540, stack(0x000000925fd00000,0x000000925fe00000) (1024K)]
  0x00000267bb58c5a0 JavaThread "Daemon client event forwarder"        [_thread_blocked, id=6952, stack(0x000000925fe00000,0x000000925ff00000) (1024K)]
  0x00000267bb58a4d0 JavaThread "Cache worker for journal cache (C:\Users\arima\.gradle\caches\journal-1)"        [_thread_blocked, id=17160, stack(0x0000009260700000,0x0000009260800000) (1024K)]
  0x00000267bb58d2c0 JavaThread "File lock request listener"        [_thread_in_native, id=7912, stack(0x0000009260800000,0x0000009260900000) (1024K)]
  0x00000267bb58b1f0 JavaThread "Cache worker for file hash cache (C:\Users\arima\.gradle\caches\8.10.2\fileHashes)"        [_thread_blocked, id=9808, stack(0x0000009260900000,0x0000009260a00000) (1024K)]
Total: 28

Other Threads:
  0x00000267b5244a90 VMThread "VM Thread"                           [id=12292, stack(0x000000925e000000,0x000000925e100000) (1024K)]
  0x00000267b50784a0 WatcherThread "VM Periodic Task Thread"        [id=22444, stack(0x000000925df00000,0x000000925e000000) (1024K)]
  0x000002679acde060 WorkerThread "GC Thread#0"                     [id=19388, stack(0x000000925da00000,0x000000925db00000) (1024K)]
  0x00000267b5c07f70 WorkerThread "GC Thread#1"                     [id=18476, stack(0x000000925ed00000,0x000000925ee00000) (1024K)]
  0x00000267b5e6dfe0 WorkerThread "GC Thread#2"                     [id=7612, stack(0x000000925ee00000,0x000000925ef00000) (1024K)]
=>0x00000267ba5754e0 WorkerThread "GC Thread#3"                     [id=20312, stack(0x000000925f000000,0x000000925f100000) (1024K)]
  0x00000267baa551d0 WorkerThread "GC Thread#4"                     [id=23040, stack(0x000000925f100000,0x000000925f200000) (1024K)]
  0x00000267bb260070 WorkerThread "GC Thread#5"                     [id=12384, stack(0x000000925f200000,0x000000925f300000) (1024K)]
  0x00000267bb260410 WorkerThread "GC Thread#6"                     [id=16892, stack(0x000000925f300000,0x000000925f400000) (1024K)]
  0x00000267bb5cc010 WorkerThread "GC Thread#7"                     [id=22996, stack(0x000000925ff00000,0x0000009260000000) (1024K)]
  0x00000267bb5cc750 WorkerThread "GC Thread#8"                     [id=20464, stack(0x0000009260000000,0x0000009260100000) (1024K)]
  0x00000267bb5cc3b0 WorkerThread "GC Thread#9"                     [id=22836, stack(0x0000009260100000,0x0000009260200000) (1024K)]
  0x00000267bb5ccaf0 WorkerThread "GC Thread#10"                    [id=21664, stack(0x0000009260200000,0x0000009260300000) (1024K)]
  0x00000267bb5cbc70 WorkerThread "GC Thread#11"                    [id=22244, stack(0x0000009260300000,0x0000009260400000) (1024K)]
  0x00000267bb5cce90 WorkerThread "GC Thread#12"                    [id=23528, stack(0x0000009260400000,0x0000009260500000) (1024K)]
  0x000002679cee5cd0 ConcurrentGCThread "G1 Main Marker"            [id=20888, stack(0x000000925db00000,0x000000925dc00000) (1024K)]
  0x000002679cee8f80 WorkerThread "G1 Conc#0"                       [id=15340, stack(0x000000925dc00000,0x000000925dd00000) (1024K)]
  0x00000267bb5cb530 WorkerThread "G1 Conc#1"                       [id=19312, stack(0x0000009260500000,0x0000009260600000) (1024K)]
  0x00000267bb5cb8d0 WorkerThread "G1 Conc#2"                       [id=16408, stack(0x0000009260600000,0x0000009260700000) (1024K)]
  0x000002679cf3ea70 ConcurrentGCThread "G1 Refine#0"               [id=19628, stack(0x000000925dd00000,0x000000925de00000) (1024K)]
  0x00000267b4f49820 ConcurrentGCThread "G1 Service"                [id=14788, stack(0x000000925de00000,0x000000925df00000) (1024K)]
Total: 21

Threads with active compile tasks:
C2 CompilerThread0     3303 2964   !   4       java.net.URLClassLoader::findClass (47 bytes)
C2 CompilerThread1     3304 3049       4       java.net.URLClassLoader$1::run (5 bytes)
Total: 2

VM state: at safepoint (normal execution)

VM Mutex/Monitor currently owned by a thread:  ([mutex/lock_event])
[0x00007ffb99cc4bf8] FreeList_lock - owner thread: 0x00000267ba5754e0
[0x00007ffb99cc72f8] Threads_lock - owner thread: 0x00000267b5244a90
[0x00007ffb99cc73f8] Heap_lock - owner thread: 0x00000267bb589e40

Heap address: 0x0000000080000000, size: 2048 MB, Compressed Oops mode: 32-bit

CDS archive(s) not mapped
Compressed class space mapped at: 0x0000000100000000-0x0000000140000000, reserved size: 1073741824
Narrow klass base: 0x0000000000000000, Narrow klass shift: 3, Narrow klass range: 0x140000000

GC Precious Log:
 CardTable entry size: 512
 Card Set container configuration: InlinePtr #cards 5 size 8 Array Of Cards #cards 12 size 40 Howl #buckets 4 coarsen threshold 1843 Howl Bitmap #cards 512 size 80 coarsen threshold 460 Card regions per heap region 1 cards per card region 2048
 CPUs: 16 total, 16 available
 Memory: 7421M
 Large Page Support: Disabled
 NUMA Support: Disabled
 Compressed Oops: Enabled (32-bit)
 Heap Region Size: 1M
 Heap Min Capacity: 8M
 Heap Initial Capacity: 116M
 Heap Max Capacity: 2G
 Pre-touch: Disabled
 Parallel Workers: 13
 Concurrent Workers: 3
 Concurrent Refinement Workers: 13
 Periodic GC: Disabled

Heap:
 garbage-first heap   total 76800K, used 71608K [0x0000000080000000, 0x0000000100000000)
  region size 1024K, 54 young (55296K), 5 survivors (5120K)
 Metaspace       used 29337K, committed 29952K, reserved 1114112K
  class space    used 3726K, committed 4032K, reserved 1048576K

Heap Regions: E=young(eden), S=young(survivor), O=old, HS=humongous(starts), HC=humongous(continues), CS=collection set, F=free, TAMS=top-at-mark-start, PB=parsable bottom
|   0|0x0000000080000000, 0x0000000080100000, 0x0000000080100000|100%| O|  |TAMS 0x0000000080000000| PB 0x0000000080000000| Untracked 
|   1|0x0000000080100000, 0x0000000080200000, 0x0000000080200000|100%| O|Cm|TAMS 0x0000000080100000| PB 0x0000000080100000| Complete 
|   2|0x0000000080200000, 0x0000000080300000, 0x0000000080300000|100%|HS|  |TAMS 0x0000000080200000| PB 0x0000000080200000| Complete 
|   3|0x0000000080300000, 0x0000000080400000, 0x0000000080400000|100%|HC|  |TAMS 0x0000000080300000| PB 0x0000000080300000| Complete 
|   4|0x0000000080400000, 0x0000000080500000, 0x0000000080500000|100%|HC|  |TAMS 0x0000000080400000| PB 0x0000000080400000| Complete 
|   5|0x0000000080500000, 0x0000000080600000, 0x0000000080600000|100%|HC|  |TAMS 0x0000000080500000| PB 0x0000000080500000| Complete 
|   6|0x0000000080600000, 0x0000000080700000, 0x0000000080700000|100%| O|  |TAMS 0x0000000080600000| PB 0x0000000080600000| Untracked 
|   7|0x0000000080700000, 0x0000000080800000, 0x0000000080800000|100%| O|  |TAMS 0x0000000080700000| PB 0x0000000080700000| Untracked 
|   8|0x0000000080800000, 0x0000000080900000, 0x0000000080900000|100%| O|  |TAMS 0x0000000080800000| PB 0x0000000080800000| Untracked 
|   9|0x0000000080900000, 0x0000000080a00000, 0x0000000080a00000|100%|HS|  |TAMS 0x0000000080900000| PB 0x0000000080900000| Complete 
|  10|0x0000000080a00000, 0x0000000080b00000, 0x0000000080b00000|100%| O|  |TAMS 0x0000000080a00000| PB 0x0000000080a00000| Untracked 
|  11|0x0000000080b00000, 0x0000000080c00000, 0x0000000080c00000|100%| O|  |TAMS 0x0000000080b00000| PB 0x0000000080b00000| Untracked 
|  12|0x0000000080c00000, 0x0000000080d00000, 0x0000000080d00000|100%| O|  |TAMS 0x0000000080c00000| PB 0x0000000080c00000| Untracked 
|  13|0x0000000080d00000, 0x0000000080e00000, 0x0000000080e00000|100%| O|  |TAMS 0x0000000080d00000| PB 0x0000000080d00000| Untracked 
|  14|0x0000000080e00000, 0x0000000080f00000, 0x0000000080f00000|100%| O|  |TAMS 0x0000000080e00000| PB 0x0000000080e00000| Untracked 
|  15|0x0000000080f00000, 0x0000000081000000, 0x0000000081000000|100%| O|  |TAMS 0x0000000080f00000| PB 0x0000000080f00000| Untracked 
|  16|0x0000000081000000, 0x0000000081100000, 0x0000000081100000|100%| O|  |TAMS 0x0000000081000000| PB 0x0000000081000000| Untracked 
|  17|0x0000000081100000, 0x00000000811f9f68, 0x0000000081200000| 97%| O|  |TAMS 0x0000000081100000| PB 0x0000000081100000| Untracked 
|  18|0x0000000081200000, 0x0000000081300000, 0x0000000081300000|100%| E|CS|TAMS 0x0000000081200000| PB 0x0000000081200000| Complete 
|  19|0x0000000081300000, 0x0000000081400000, 0x0000000081400000|100%| E|CS|TAMS 0x0000000081300000| PB 0x0000000081300000| Complete 
|  20|0x0000000081400000, 0x0000000081500000, 0x0000000081500000|100%| E|CS|TAMS 0x0000000081400000| PB 0x0000000081400000| Complete 
|  21|0x0000000081500000, 0x0000000081600000, 0x0000000081600000|100%| E|CS|TAMS 0x0000000081500000| PB 0x0000000081500000| Complete 
|  22|0x0000000081600000, 0x0000000081700000, 0x0000000081700000|100%| E|CS|TAMS 0x0000000081600000| PB 0x0000000081600000| Complete 
|  23|0x0000000081700000, 0x0000000081800000, 0x0000000081800000|100%| E|CS|TAMS 0x0000000081700000| PB 0x0000000081700000| Complete 
|  24|0x0000000081800000, 0x0000000081900000, 0x0000000081900000|100%| E|CS|TAMS 0x0000000081800000| PB 0x0000000081800000| Complete 
|  25|0x0000000081900000, 0x0000000081a00000, 0x0000000081a00000|100%| E|CS|TAMS 0x0000000081900000| PB 0x0000000081900000| Complete 
|  26|0x0000000081a00000, 0x0000000081b00000, 0x0000000081b00000|100%| E|CS|TAMS 0x0000000081a00000| PB 0x0000000081a00000| Complete 
|  27|0x0000000081b00000, 0x0000000081c00000, 0x0000000081c00000|100%| E|CS|TAMS 0x0000000081b00000| PB 0x0000000081b00000| Complete 
|  28|0x0000000081c00000, 0x0000000081d00000, 0x0000000081d00000|100%| E|CS|TAMS 0x0000000081c00000| PB 0x0000000081c00000| Complete 
|  29|0x0000000081d00000, 0x0000000081e00000, 0x0000000081e00000|100%| E|CS|TAMS 0x0000000081d00000| PB 0x0000000081d00000| Complete 
|  30|0x0000000081e00000, 0x0000000081f00000, 0x0000000081f00000|100%| E|CS|TAMS 0x0000000081e00000| PB 0x0000000081e00000| Complete 
|  31|0x0000000081f00000, 0x0000000082000000, 0x0000000082000000|100%| E|CS|TAMS 0x0000000081f00000| PB 0x0000000081f00000| Complete 
|  32|0x0000000082000000, 0x0000000082100000, 0x0000000082100000|100%| E|CS|TAMS 0x0000000082000000| PB 0x0000000082000000| Complete 
|  33|0x0000000082100000, 0x0000000082200000, 0x0000000082200000|100%| E|CS|TAMS 0x0000000082100000| PB 0x0000000082100000| Complete 
|  34|0x0000000082200000, 0x0000000082300000, 0x0000000082300000|100%| E|CS|TAMS 0x0000000082200000| PB 0x0000000082200000| Complete 
|  35|0x0000000082300000, 0x0000000082400000, 0x0000000082400000|100%| E|CS|TAMS 0x0000000082300000| PB 0x0000000082300000| Complete 
|  36|0x0000000082400000, 0x0000000082500000, 0x0000000082500000|100%| E|CS|TAMS 0x0000000082400000| PB 0x0000000082400000| Complete 
|  37|0x0000000082500000, 0x0000000082600000, 0x0000000082600000|100%| E|CS|TAMS 0x0000000082500000| PB 0x0000000082500000| Complete 
|  38|0x0000000082600000, 0x0000000082700000, 0x0000000082700000|100%| E|CS|TAMS 0x0000000082600000| PB 0x0000000082600000| Complete 
|  39|0x0000000082700000, 0x0000000082800000, 0x0000000082800000|100%| E|CS|TAMS 0x0000000082700000| PB 0x0000000082700000| Complete 
|  40|0x0000000082800000, 0x0000000082900000, 0x0000000082900000|100%| E|CS|TAMS 0x0000000082800000| PB 0x0000000082800000| Complete 
|  41|0x0000000082900000, 0x0000000082a00000, 0x0000000082a00000|100%| E|CS|TAMS 0x0000000082900000| PB 0x0000000082900000| Complete 
|  42|0x0000000082a00000, 0x0000000082b00000, 0x0000000082b00000|100%| E|CS|TAMS 0x0000000082a00000| PB 0x0000000082a00000| Complete 
|  43|0x0000000082b00000, 0x0000000082c00000, 0x0000000082c00000|100%| E|CS|TAMS 0x0000000082b00000| PB 0x0000000082b00000| Complete 
|  44|0x0000000082c00000, 0x0000000082d00000, 0x0000000082d00000|100%| E|CS|TAMS 0x0000000082c00000| PB 0x0000000082c00000| Complete 
|  45|0x0000000082d00000, 0x0000000082e00000, 0x0000000082e00000|100%| E|CS|TAMS 0x0000000082d00000| PB 0x0000000082d00000| Complete 
|  46|0x0000000082e00000, 0x0000000082f00000, 0x0000000082f00000|100%| E|CS|TAMS 0x0000000082e00000| PB 0x0000000082e00000| Complete 
|  47|0x0000000082f00000, 0x0000000083000000, 0x0000000083000000|100%| E|CS|TAMS 0x0000000082f00000| PB 0x0000000082f00000| Complete 
|  48|0x0000000083000000, 0x0000000083100000, 0x0000000083100000|100%| E|CS|TAMS 0x0000000083000000| PB 0x0000000083000000| Complete 
|  49|0x0000000083100000, 0x0000000083200000, 0x0000000083200000|100%| E|CS|TAMS 0x0000000083100000| PB 0x0000000083100000| Complete 
|  50|0x0000000083200000, 0x0000000083300000, 0x0000000083300000|100%| E|CS|TAMS 0x0000000083200000| PB 0x0000000083200000| Complete 
|  51|0x0000000083300000, 0x0000000083400000, 0x0000000083400000|100%| E|CS|TAMS 0x0000000083300000| PB 0x0000000083300000| Complete 
|  52|0x0000000083400000, 0x0000000083500000, 0x0000000083500000|100%| E|CS|TAMS 0x0000000083400000| PB 0x0000000083400000| Complete 
|  53|0x0000000083500000, 0x0000000083600000, 0x0000000083600000|100%| E|CS|TAMS 0x0000000083500000| PB 0x0000000083500000| Complete 
|  54|0x0000000083600000, 0x0000000083700000, 0x0000000083700000|100%| E|CS|TAMS 0x0000000083600000| PB 0x0000000083600000| Complete 
|  55|0x0000000083700000, 0x0000000083800000, 0x0000000083800000|100%| E|CS|TAMS 0x0000000083700000| PB 0x0000000083700000| Complete 
|  56|0x0000000083800000, 0x0000000083900000, 0x0000000083900000|100%| E|CS|TAMS 0x0000000083800000| PB 0x0000000083800000| Complete 
|  57|0x0000000083900000, 0x0000000083a00000, 0x0000000083a00000|100%| E|CS|TAMS 0x0000000083900000| PB 0x0000000083900000| Complete 
|  58|0x0000000083a00000, 0x0000000083b00000, 0x0000000083b00000|100%| E|CS|TAMS 0x0000000083a00000| PB 0x0000000083a00000| Complete 
|  59|0x0000000083b00000, 0x0000000083c00000, 0x0000000083c00000|100%| E|CS|TAMS 0x0000000083b00000| PB 0x0000000083b00000| Complete 
|  60|0x0000000083c00000, 0x0000000083d00000, 0x0000000083d00000|100%| E|CS|TAMS 0x0000000083c00000| PB 0x0000000083c00000| Complete 
|  61|0x0000000083d00000, 0x0000000083e00000, 0x0000000083e00000|100%| E|CS|TAMS 0x0000000083d00000| PB 0x0000000083d00000| Complete 
|  62|0x0000000083e00000, 0x0000000083f00000, 0x0000000083f00000|100%| E|CS|TAMS 0x0000000083e00000| PB 0x0000000083e00000| Complete 
|  63|0x0000000083f00000, 0x0000000084000000, 0x0000000084000000|100%| E|CS|TAMS 0x0000000083f00000| PB 0x0000000083f00000| Complete 
|  64|0x0000000084000000, 0x0000000084100000, 0x0000000084100000|100%| E|CS|TAMS 0x0000000084000000| PB 0x0000000084000000| Complete 
|  65|0x0000000084100000, 0x0000000084200000, 0x0000000084200000|100%| E|CS|TAMS 0x0000000084100000| PB 0x0000000084100000| Complete 
|  66|0x0000000084200000, 0x0000000084300000, 0x0000000084300000|100%| S|  |TAMS 0x0000000084200000| PB 0x0000000084200000| Complete 
|  67|0x0000000084300000, 0x0000000084400000, 0x0000000084400000|100%| S|  |TAMS 0x0000000084300000| PB 0x0000000084300000| Complete 
|  68|0x0000000084400000, 0x0000000084500000, 0x0000000084500000|100%| S|  |TAMS 0x0000000084400000| PB 0x0000000084400000| Complete 
|  69|0x0000000084500000, 0x0000000084600000, 0x0000000084600000|100%| S|  |TAMS 0x0000000084500000| PB 0x0000000084500000| Complete 
|  70|0x0000000084600000, 0x0000000084700000, 0x0000000084700000|100%| S|  |TAMS 0x0000000084600000| PB 0x0000000084600000| Complete 
|  91|0x0000000085b00000, 0x0000000085bf4430, 0x0000000085c00000| 95%| E|CS|TAMS 0x0000000085b00000| PB 0x0000000085b00000| Complete 
|  92|0x0000000085c00000, 0x0000000085d00000, 0x0000000085d00000|100%| E|CS|TAMS 0x0000000085c00000| PB 0x0000000085c00000| Complete 
|  93|0x0000000085d00000, 0x0000000085e00000, 0x0000000085e00000|100%| E|CS|TAMS 0x0000000085d00000| PB 0x0000000085d00000| Complete 
| 115|0x0000000087300000, 0x0000000087400000, 0x0000000087400000|100%| E|CS|TAMS 0x0000000087300000| PB 0x0000000087300000| Complete 

Card table byte_map: [0x00000267afc40000,0x00000267b0040000] _byte_map_base: 0x00000267af840000

Marking Bits: (CMBitMap*) 0x000002679acde760
 Bits: [0x00000267b0040000, 0x00000267b2040000)

Polling page: 0x000002679ae70000

Metaspace:

Usage:
  Non-class:     25.01 MB used.
      Class:      3.64 MB used.
       Both:     28.65 MB used.

Virtual space:
  Non-class space:       64.00 MB reserved,      25.31 MB ( 40%) committed,  1 nodes.
      Class space:        1.00 GB reserved,       3.94 MB ( <1%) committed,  1 nodes.
             Both:        1.06 GB reserved,      29.25 MB (  3%) committed. 

Chunk freelists:
   Non-Class:  6.56 MB
       Class:  12.11 MB
        Both:  18.67 MB

MaxMetaspaceSize: unlimited
CompressedClassSpaceSize: 1.00 GB
Initial GC threshold: 21.00 MB
Current GC threshold: 35.12 MB
CDS: off
 - commit_granule_bytes: 65536.
 - commit_granule_words: 8192.
 - virtual_space_node_default_size: 8388608.
 - enlarge_chunks_in_place: 1.
 - use_allocation_guard: 0.


Internal statistics:

num_allocs_failed_limit: 3.
num_arena_births: 794.
num_arena_deaths: 0.
num_vsnodes_births: 2.
num_vsnodes_deaths: 0.
num_space_committed: 468.
num_space_uncommitted: 0.
num_chunks_returned_to_freelist: 3.
num_chunks_taken_from_freelist: 1589.
num_chunk_merges: 3.
num_chunk_splits: 1019.
num_chunks_enlarged: 674.
num_inconsistent_stats: 0.

CodeHeap 'non-profiled nmethods': size=119168Kb used=1514Kb max_used=1514Kb free=117653Kb
 bounds [0x00000267a7b60000, 0x00000267a7dd0000, 0x00000267aefc0000]
CodeHeap 'profiled nmethods': size=119104Kb used=6260Kb max_used=6260Kb free=112843Kb
 bounds [0x000002679ffc0000, 0x00000267a05e0000, 0x00000267a7410000]
CodeHeap 'non-nmethods': size=7488Kb used=3210Kb max_used=3217Kb free=4277Kb
 bounds [0x00000267a7410000, 0x00000267a7740000, 0x00000267a7b60000]
 total_blobs=3630 nmethods=3053 adapters=476
 compilation: enabled
              stopped_count=0, restarted_count=0
 full_count=0

Compilation events (20 events):
Event: 3.182 Thread 0x00000267b5866310 nmethod 3011 0x00000267a7cd3990 code [0x00000267a7cd3c60, 0x00000267a7cd4cc0]
Event: 3.182 Thread 0x00000267b5866310 3018       4       java.lang.invoke.InvokerBytecodeGenerator::emitPushArgument (150 bytes)
Event: 3.189 Thread 0x00000267b5866310 nmethod 3018 0x00000267a7cd5910 code [0x00000267a7cd5b80, 0x00000267a7cd6498]
Event: 3.189 Thread 0x00000267b5866310 3023       4       java.lang.invoke.InvokerBytecodeGenerator::emitLoadInsn (21 bytes)
Event: 3.193 Thread 0x00000267b5866310 nmethod 3023 0x00000267a7cd6c90 code [0x00000267a7cd6e80, 0x00000267a7cd7478]
Event: 3.193 Thread 0x00000267b5866310 3024       4       java.lang.invoke.InvokerBytecodeGenerator::loadInsnOpcode (98 bytes)
Event: 3.194 Thread 0x00000267b5866310 nmethod 3024 0x00000267a7cd7990 code [0x00000267a7cd7b20, 0x00000267a7cd7c28]
Event: 3.194 Thread 0x00000267b5866310 3037       4       jdk.internal.org.objectweb.asm.Frame::push (59 bytes)
Event: 3.205 Thread 0x00000267b5866310 nmethod 3037 0x00000267a7cd7d10 code [0x00000267a7cd7f60, 0x00000267a7cd8d98]
Event: 3.205 Thread 0x00000267b5866310 3048       4       java.lang.ClassNotFoundException::<init> (7 bytes)
Event: 3.208 Thread 0x00000267b5866310 nmethod 3048 0x00000267a7cd9590 code [0x00000267a7cd9740, 0x00000267a7cd9ea0]
Event: 3.208 Thread 0x00000267b5866310 3049       4       java.net.URLClassLoader$1::run (5 bytes)
Event: 3.209 Thread 0x00000267b5079930 3051       3       org.gradle.internal.service.RelevantMethods$RelevantMethodsBuilder::add (101 bytes)
Event: 3.210 Thread 0x00000267b5079930 nmethod 3051 0x00000267a05d9a90 code [0x00000267a05d9d60, 0x00000267a05daa38]
Event: 3.212 Thread 0x00000267bb2baa20 3052       3       java.lang.Module::isExported (18 bytes)
Event: 3.213 Thread 0x00000267bb2baa20 nmethod 3052 0x00000267a05db010 code [0x00000267a05db200, 0x00000267a05db5f0]
Event: 3.230 Thread 0x00000267bb2baa20 3054       3       java.lang.invoke.LambdaForm$MH/0x000000010018c000::invoke (42 bytes)
Event: 3.231 Thread 0x00000267bb2baa20 nmethod 3054 0x00000267a05db790 code [0x00000267a05dba00, 0x00000267a05dc698]
Event: 3.235 Thread 0x00000267bb2baa20 3055   !   3       jdk.proxy1.$Proxy4::value (29 bytes)
Event: 3.235 Thread 0x00000267bb2baa20 nmethod 3055 0x00000267a05dcb10 code [0x00000267a05dcce0, 0x00000267a05dd0c0]

GC Heap History (9 events):
Event: 0.552 GC heap before
{Heap before GC invocations=0 (full 0):
 garbage-first heap   total 118784K, used 22528K [0x0000000080000000, 0x0000000100000000)
  region size 1024K, 23 young (23552K), 0 survivors (0K)
 Metaspace       used 8008K, committed 8128K, reserved 1114112K
  class space    used 709K, committed 768K, reserved 1048576K
}
Event: 0.557 GC heap after
{Heap after GC invocations=1 (full 0):
 garbage-first heap   total 118784K, used 4616K [0x0000000080000000, 0x0000000100000000)
  region size 1024K, 3 young (3072K), 3 survivors (3072K)
 Metaspace       used 8008K, committed 8128K, reserved 1114112K
  class space    used 709K, committed 768K, reserved 1048576K
}
Event: 1.092 GC heap before
{Heap before GC invocations=1 (full 0):
 garbage-first heap   total 118784K, used 41480K [0x0000000080000000, 0x0000000100000000)
  region size 1024K, 35 young (35840K), 3 survivors (3072K)
 Metaspace       used 12225K, committed 12480K, reserved 1114112K
  class space    used 1277K, committed 1408K, reserved 1048576K
}
Event: 1.098 GC heap after
{Heap after GC invocations=2 (full 0):
 garbage-first heap   total 118784K, used 12271K [0x0000000080000000, 0x0000000100000000)
  region size 1024K, 4 young (4096K), 4 survivors (4096K)
 Metaspace       used 12225K, committed 12480K, reserved 1114112K
  class space    used 1277K, committed 1408K, reserved 1048576K
}
Event: 1.669 GC heap before
{Heap before GC invocations=2 (full 0):
 garbage-first heap   total 118784K, used 60399K [0x0000000080000000, 0x0000000100000000)
  region size 1024K, 49 young (50176K), 4 survivors (4096K)
 Metaspace       used 14378K, committed 14656K, reserved 1114112K
  class space    used 1566K, committed 1728K, reserved 1048576K
}
Event: 1.677 GC heap after
{Heap after GC invocations=3 (full 0):
 garbage-first heap   total 118784K, used 18091K [0x0000000080000000, 0x0000000100000000)
  region size 1024K, 7 young (7168K), 7 survivors (7168K)
 Metaspace       used 14378K, committed 14656K, reserved 1114112K
  class space    used 1566K, committed 1728K, reserved 1048576K
}
Event: 2.336 GC heap before
{Heap before GC invocations=3 (full 0):
 garbage-first heap   total 118784K, used 39595K [0x0000000080000000, 0x0000000100000000)
  region size 1024K, 29 young (29696K), 7 survivors (7168K)
 Metaspace       used 21190K, committed 21504K, reserved 1114112K
  class space    used 2431K, committed 2624K, reserved 1048576K
}
Event: 2.340 GC heap after
{Heap after GC invocations=4 (full 0):
 garbage-first heap   total 118784K, used 21432K [0x0000000080000000, 0x0000000100000000)
  region size 1024K, 3 young (3072K), 3 survivors (3072K)
 Metaspace       used 21190K, committed 21504K, reserved 1114112K
  class space    used 2431K, committed 2624K, reserved 1048576K
}
Event: 3.240 GC heap before
{Heap before GC invocations=5 (full 0):
 garbage-first heap   total 71680K, used 70584K [0x0000000080000000, 0x0000000100000000)
  region size 1024K, 52 young (53248K), 3 survivors (3072K)
 Metaspace       used 29337K, committed 29952K, reserved 1114112K
  class space    used 3726K, committed 4032K, reserved 1048576K
}

Dll operation events (3 events):
Event: 0.011 Loaded shared library C:\Program Files\Android\Android Studio\jbr\bin\java.dll
Event: 0.019 Loaded shared library C:\Program Files\Android\Android Studio\jbr\bin\zip.dll
Event: 0.594 Loaded shared library C:\Program Files\Android\Android Studio\jbr\bin\verify.dll

Deoptimization events (20 events):
Event: 2.737 Thread 0x00000267bb589e40 Uncommon trap: trap_request=0xffffff45 fr.pc=0x00000267a7b83920 relative=0x0000000000000d20
Event: 2.737 Thread 0x00000267bb589e40 Uncommon trap: reason=unstable_if action=reinterpret pc=0x00000267a7b83920 method=java.io.WinNTFileSystem.resolve(Ljava/lang/String;Ljava/lang/String;)Ljava/lang/String; @ 19 c2
Event: 2.737 Thread 0x00000267bb589e40 DEOPT PACKING pc=0x00000267a7b83920 sp=0x000000925fbfb340
Event: 2.737 Thread 0x00000267bb589e40 DEOPT UNPACKING pc=0x00000267a74646a2 sp=0x000000925fbfb2d8 mode 2
Event: 2.738 Thread 0x00000267bb589e40 Uncommon trap: trap_request=0xffffff45 fr.pc=0x00000267a7bf3190 relative=0x0000000000000630
Event: 2.738 Thread 0x00000267bb589e40 Uncommon trap: reason=unstable_if action=reinterpret pc=0x00000267a7bf3190 method=java.io.File.getName()Ljava/lang/String; @ 16 c2
Event: 2.738 Thread 0x00000267bb589e40 DEOPT PACKING pc=0x00000267a7bf3190 sp=0x000000925fbfb300
Event: 2.738 Thread 0x00000267bb589e40 DEOPT UNPACKING pc=0x00000267a74646a2 sp=0x000000925fbfb2d0 mode 2
Event: 2.794 Thread 0x00000267bb589e40 Uncommon trap: trap_request=0xffffff45 fr.pc=0x00000267a7b88390 relative=0x00000000000000f0
Event: 2.794 Thread 0x00000267bb589e40 Uncommon trap: reason=unstable_if action=reinterpret pc=0x00000267a7b88390 method=java.util.HashMap.hash(Ljava/lang/Object;)I @ 1 c2
Event: 2.794 Thread 0x00000267bb589e40 DEOPT PACKING pc=0x00000267a7b88390 sp=0x000000925fbfc300
Event: 2.794 Thread 0x00000267bb589e40 DEOPT UNPACKING pc=0x00000267a74646a2 sp=0x000000925fbfc240 mode 2
Event: 2.923 Thread 0x00000267bb589e40 DEOPT PACKING pc=0x00000267a048eb8a sp=0x000000925fbfb7c0
Event: 2.923 Thread 0x00000267bb589e40 DEOPT UNPACKING pc=0x00000267a7464e42 sp=0x000000925fbfacd0 mode 0
Event: 3.057 Thread 0x00000267bb589e40 DEOPT PACKING pc=0x00000267a048eb69 sp=0x000000925fbfbee0
Event: 3.057 Thread 0x00000267bb589e40 DEOPT UNPACKING pc=0x00000267a7464e42 sp=0x000000925fbfb3f0 mode 0
Event: 3.076 Thread 0x00000267bb589e40 DEOPT PACKING pc=0x00000267a048eb8a sp=0x000000925fbfbe70
Event: 3.076 Thread 0x00000267bb589e40 DEOPT UNPACKING pc=0x00000267a7464e42 sp=0x000000925fbfb380 mode 0
Event: 3.089 Thread 0x00000267bb589e40 DEOPT PACKING pc=0x00000267a055c4b6 sp=0x000000925fbfadb0
Event: 3.089 Thread 0x00000267bb589e40 DEOPT UNPACKING pc=0x00000267a7464e42 sp=0x000000925fbfa2f8 mode 0

Classes loaded (20 events):
Event: 2.928 Loading class java/util/Collections$2
Event: 2.928 Loading class java/util/Collections$2 done
Event: 3.054 Loading class java/util/function/LongFunction
Event: 3.054 Loading class java/util/function/LongFunction done
Event: 3.095 Loading class java/security/InvalidKeyException
Event: 3.095 Loading class java/security/KeyException
Event: 3.095 Loading class java/security/KeyException done
Event: 3.095 Loading class java/security/InvalidKeyException done
Event: 3.126 Loading class java/util/regex/Pattern$Dollar
Event: 3.126 Loading class java/util/regex/Pattern$Dollar done
Event: 3.130 Loading class java/io/ObjectInputStream
Event: 3.130 Loading class java/io/ObjectInput
Event: 3.130 Loading class java/io/ObjectInput done
Event: 3.130 Loading class java/io/ObjectStreamConstants
Event: 3.131 Loading class java/io/ObjectStreamConstants done
Event: 3.131 Loading class java/io/ObjectInputStream done
Event: 3.131 Loading class java/io/ObjectOutputStream
Event: 3.132 Loading class java/io/ObjectOutput
Event: 3.132 Loading class java/io/ObjectOutput done
Event: 3.132 Loading class java/io/ObjectOutputStream done

Classes unloaded (0 events):
No events

Classes redefined (0 events):
No events

Internal exceptions (20 events):
Event: 2.776 Thread 0x00000267bb589e40 Exception <a 'java/lang/IncompatibleClassChangeError'{0x0000000082a4b340}: Found class java.lang.Object, but interface was expected> (0x0000000082a4b340) 
thrown [s\src\hotspot\share\interpreter\linkResolver.cpp, line 851]
Event: 2.794 Thread 0x00000267bb589e40 Implicit null exception at 0x00000267a7b882e6 to 0x00000267a7b88386
Event: 2.810 Thread 0x00000267bb589e40 Exception <a 'java/lang/NoSuchMethodError'{0x00000000828386c8}: 'int java.lang.invoke.DirectMethodHandle$Holder.invokeStatic(java.lang.Object, java.lang.Object, java.lang.Object, java.lang.Object)'> (0x00000000828386c8) 
thrown [s\src\hotspot\share\interpreter\linkResolver.cpp, line 784]
Event: 2.877 Thread 0x00000267bb589e40 Exception <a 'java/lang/NoSuchMethodError'{0x0000000082666778}: 'java.lang.Object java.lang.invoke.DelegatingMethodHandle$Holder.reinvoke_L(java.lang.Object, java.lang.Object, java.lang.Object, java.lang.Object, java.lang.Object, java.lang.Object, java.lang.Object, java.lang.Object, java.lang.Object, java.lang.Object, java.lang.Object, java.lang.Object, java.lang.Object, java.lang.Object, java.lang.Object, java.lang.Object, java.lang.Object, java.lang.Object, java.lang.Object, java.lang.Object, java.lang.O
Event: 2.881 Thread 0x00000267bb589e40 Exception <a 'java/lang/NoSuchMethodError'{0x00000000826d4220}: 'java.lang.Object java.lang.invoke.DirectMethodHandle$Holder.invokeStatic(java.lang.Object, java.lang.Object, java.lang.Object, java.lang.Object, java.lang.Object, java.lang.Object, java.lang.Object, java.lang.Object, java.lang.Object, java.lang.Object, java.lang.Object, java.lang.Object, java.lang.Object, java.lang.Object, java.lang.Object, java.lang.Object, java.lang.Object)'> (0x00000000826d4220) 
thrown [s\src\hotspot\share\interpreter\lin
Event: 2.882 Thread 0x00000267bb589e40 Exception <a 'java/lang/NoSuchMethodError'{0x00000000826fcfe8}: 'java.lang.Object java.lang.invoke.DirectMethodHandle$Holder.invokeStatic(java.lang.Object, java.lang.Object, java.lang.Object, java.lang.Object, java.lang.Object, java.lang.Object, java.lang.Object, java.lang.Object, java.lang.Object, java.lang.Object, java.lang.Object, java.lang.Object, java.lang.Object, java.lang.Object, java.lang.Object, java.lang.Object, java.lang.Object, java.lang.Object)'> (0x00000000826fcfe8) 
thrown [s\src\hotspot\sha
Event: 2.883 Thread 0x00000267bb589e40 Exception <a 'java/lang/NoSuchMethodError'{0x00000000825277a0}: 'java.lang.Object java.lang.invoke.DirectMethodHandle$Holder.invokeStatic(java.lang.Object, java.lang.Object, java.lang.Object, java.lang.Object, java.lang.Object, java.lang.Object, java.lang.Object, java.lang.Object, java.lang.Object, java.lang.Object, java.lang.Object, java.lang.Object, java.lang.Object, java.lang.Object, java.lang.Object, java.lang.Object, java.lang.Object, java.lang.Object, java.lang.Object)'> (0x00000000825277a0) 
thrown 
Event: 2.884 Thread 0x00000267bb589e40 Exception <a 'java/lang/NoSuchMethodError'{0x0000000082552cc8}: 'java.lang.Object java.lang.invoke.DirectMethodHandle$Holder.invokeStatic(java.lang.Object, java.lang.Object, java.lang.Object, java.lang.Object, java.lang.Object, java.lang.Object, java.lang.Object, java.lang.Object, java.lang.Object, java.lang.Object, java.lang.Object, java.lang.Object, java.lang.Object, java.lang.Object, java.lang.Object, java.lang.Object, java.lang.Object, java.lang.Object, java.lang.Object, java.lang.Object)'> (0x00000000
Event: 2.885 Thread 0x00000267bb589e40 Exception <a 'java/lang/NoSuchMethodError'{0x000000008257f638}: 'java.lang.Object java.lang.invoke.DirectMethodHandle$Holder.invokeStatic(java.lang.Object, java.lang.Object, java.lang.Object, java.lang.Object, java.lang.Object, java.lang.Object, java.lang.Object, java.lang.Object, java.lang.Object, java.lang.Object, java.lang.Object, java.lang.Object, java.lang.Object, java.lang.Object, java.lang.Object, java.lang.Object, java.lang.Object, java.lang.Object, java.lang.Object, java.lang.Object, java.lang.Obj
Event: 2.887 Thread 0x00000267bb589e40 Exception <a 'java/lang/NoSuchMethodError'{0x00000000825ad810}: 'java.lang.Object java.lang.invoke.DirectMethodHandle$Holder.invokeStatic(java.lang.Object, java.lang.Object, java.lang.Object, java.lang.Object, java.lang.Object, java.lang.Object, java.lang.Object, java.lang.Object, java.lang.Object, java.lang.Object, java.lang.Object, java.lang.Object, java.lang.Object, java.lang.Object, java.lang.Object, java.lang.Object, java.lang.Object, java.lang.Object, java.lang.Object, java.lang.Object, java.lang.Obj
Event: 2.888 Thread 0x00000267bb589e40 Exception <a 'java/lang/NoSuchMethodError'{0x00000000825dbad0}: 'java.lang.Object java.lang.invoke.DirectMethodHandle$Holder.invokeStatic(java.lang.Object, java.lang.Object, java.lang.Object, java.lang.Object, java.lang.Object, java.lang.Object, java.lang.Object, java.lang.Object, java.lang.Object, java.lang.Object, java.lang.Object, java.lang.Object, java.lang.Object, java.lang.Object, java.lang.Object, java.lang.Object, java.lang.Object, java.lang.Object, java.lang.Object, java.lang.Object, java.lang.Obj
Event: 2.889 Thread 0x00000267bb589e40 Exception <a 'java/lang/NoSuchMethodError'{0x000000008240b550}: 'java.lang.Object java.lang.invoke.DirectMethodHandle$Holder.invokeStatic(java.lang.Object, java.lang.Object, java.lang.Object, java.lang.Object, java.lang.Object, java.lang.Object, java.lang.Object, java.lang.Object, java.lang.Object, java.lang.Object, java.lang.Object, java.lang.Object, java.lang.Object, java.lang.Object, java.lang.Object, java.lang.Object, java.lang.Object, java.lang.Object, java.lang.Object, java.lang.Object, java.lang.Obj
Event: 2.891 Thread 0x00000267bb589e40 Exception <a 'java/lang/NoSuchMethodError'{0x000000008243b330}: 'java.lang.Object java.lang.invoke.DirectMethodHandle$Holder.invokeStatic(java.lang.Object, java.lang.Object, java.lang.Object, java.lang.Object, java.lang.Object, java.lang.Object, java.lang.Object, java.lang.Object, java.lang.Object, java.lang.Object, java.lang.Object, java.lang.Object, java.lang.Object, java.lang.Object, java.lang.Object, java.lang.Object, java.lang.Object, java.lang.Object, java.lang.Object, java.lang.Object, java.lang.Obj
Event: 2.893 Thread 0x00000267bb589e40 Exception <a 'java/lang/NoSuchMethodError'{0x000000008246cd10}: 'java.lang.Object java.lang.invoke.DirectMethodHandle$Holder.invokeStatic(java.lang.Object, java.lang.Object, java.lang.Object, java.lang.Object, java.lang.Object, java.lang.Object, java.lang.Object, java.lang.Object, java.lang.Object, java.lang.Object, java.lang.Object, java.lang.Object, java.lang.Object, java.lang.Object, java.lang.Object, java.lang.Object, java.lang.Object, java.lang.Object, java.lang.Object, java.lang.Object, java.lang.Obj
Event: 2.914 Thread 0x00000267bb589e40 Exception <a 'java/lang/IncompatibleClassChangeError'{0x0000000082362b50}: Found class java.lang.Object, but interface was expected> (0x0000000082362b50) 
thrown [s\src\hotspot\share\interpreter\linkResolver.cpp, line 851]
Event: 3.119 Thread 0x00000267bb589e40 Exception <a 'java/lang/IncompatibleClassChangeError'{0x00000000819c39a0}: Found class java.lang.Object, but interface was expected> (0x00000000819c39a0) 
thrown [s\src\hotspot\share\interpreter\linkResolver.cpp, line 851]
Event: 3.122 Thread 0x00000267bb589e40 Exception <a 'java/lang/NoSuchMethodError'{0x00000000819ec400}: 'java.lang.Object java.lang.invoke.DirectMethodHandle$Holder.newInvokeSpecial(java.lang.Object, java.lang.Object, java.lang.Object, java.lang.Object, java.lang.Object, java.lang.Object, java.lang.Object, java.lang.Object, java.lang.Object, java.lang.Object)'> (0x00000000819ec400) 
thrown [s\src\hotspot\share\interpreter\linkResolver.cpp, line 784]
Event: 3.138 Thread 0x00000267bb589e40 Exception <a 'java/lang/NoSuchMethodError'{0x00000000818febc0}: 'java.lang.Object java.lang.invoke.DirectMethodHandle$Holder.newInvokeSpecial(java.lang.Object, java.lang.Object, java.lang.Object, java.lang.Object, java.lang.Object, java.lang.Object, java.lang.Object, java.lang.Object)'> (0x00000000818febc0) 
thrown [s\src\hotspot\share\interpreter\linkResolver.cpp, line 784]
Event: 3.147 Thread 0x00000267bb589e40 Exception <a 'java/lang/NoSuchMethodError'{0x0000000081789cd0}: 'int java.lang.invoke.DirectMethodHandle$Holder.invokeStaticInit(java.lang.Object, java.lang.Object, java.lang.Object)'> (0x0000000081789cd0) 
thrown [s\src\hotspot\share\interpreter\linkResolver.cpp, line 784]
Event: 3.238 Thread 0x00000267bb589e40 Exception <a 'java/lang/NoSuchMethodError'{0x00000000812cedc0}: 'java.lang.Object java.lang.invoke.DirectMethodHandle$Holder.invokeVirtual(java.lang.Object, java.lang.Object, java.lang.Object, java.lang.Object, java.lang.Object, java.lang.Object, java.lang.Object, java.lang.Object, java.lang.Object, java.lang.Object, java.lang.Object, java.lang.Object, java.lang.Object, java.lang.Object, java.lang.Object, java.lang.Object, java.lang.Object, java.lang.Object, java.lang.Object, java.lang.Object, java.lang.Ob

ZGC Phase Switch (0 events):
No events

VM Operations (20 events):
Event: 2.030 Executing VM operation: HandshakeAllThreads (Deoptimize) done
Event: 2.146 Executing VM operation: HandshakeAllThreads (Deoptimize)
Event: 2.146 Executing VM operation: HandshakeAllThreads (Deoptimize) done
Event: 2.210 Executing VM operation: HandshakeAllThreads (Deoptimize)
Event: 2.210 Executing VM operation: HandshakeAllThreads (Deoptimize) done
Event: 2.276 Executing VM operation: ICBufferFull
Event: 2.276 Executing VM operation: ICBufferFull done
Event: 2.336 Executing VM operation: CollectForMetadataAllocation (Metadata GC Threshold)
Event: 2.340 Executing VM operation: CollectForMetadataAllocation (Metadata GC Threshold) done
Event: 2.344 Executing VM operation: G1PauseRemark
Event: 2.346 Executing VM operation: G1PauseRemark done
Event: 2.347 Executing VM operation: G1PauseCleanup
Event: 2.350 Executing VM operation: G1PauseCleanup done
Event: 2.616 Executing VM operation: HandshakeAllThreads (Deoptimize)
Event: 2.616 Executing VM operation: HandshakeAllThreads (Deoptimize) done
Event: 2.899 Executing VM operation: HandshakeAllThreads (Deoptimize)
Event: 2.899 Executing VM operation: HandshakeAllThreads (Deoptimize) done
Event: 2.899 Executing VM operation: HandshakeAllThreads (Deoptimize)
Event: 2.900 Executing VM operation: HandshakeAllThreads (Deoptimize) done
Event: 3.239 Executing VM operation: G1CollectForAllocation (G1 Evacuation Pause)

Memory protections (0 events):
No events

Nmethod flushes (0 events):
No events

Events (20 events):
Event: 0.616 Thread 0x00000267b5079930 Thread added: 0x00000267ba2ee3c0
Event: 0.757 Loaded shared library C:\Users\arima\.gradle\native\c067742578af261105cb4f569cf0c3c89f3d7b1fecec35dd04571415982c5e48\windows-amd64\native-platform.dll
Event: 0.762 Loaded shared library C:\Users\arima\.gradle\native\100fb08df4bc3b14c8652ba06237920a3bd2aa13389f12d3474272988ae205f9\windows-amd64\native-platform-file-events.dll
Event: 1.819 Loaded shared library C:\Program Files\Android\Android Studio\jbr\bin\management.dll
Event: 1.822 Loaded shared library C:\Program Files\Android\Android Studio\jbr\bin\management_ext.dll
Event: 1.859 Thread 0x000002679ac12670 Thread added: 0x00000267bb11bb90
Event: 2.084 Loaded shared library C:\Program Files\Android\Android Studio\jbr\bin\extnet.dll
Event: 2.103 Thread 0x00000267ba2ee3c0 Thread added: 0x00000267bb2baa20
Event: 2.118 Thread 0x000002679ac12670 Thread added: 0x00000267bb352f70
Event: 2.187 Thread 0x000002679ac12670 Thread added: 0x00000267bb322110
Event: 2.236 Thread 0x00000267bb352f70 Thread added: 0x00000267bb59d5d0
Event: 2.238 Thread 0x00000267bb59d5d0 Thread added: 0x00000267bb37d2e0
Event: 2.267 Thread 0x00000267bb59d5d0 Thread added: 0x00000267bb372280
Event: 2.273 Thread 0x00000267bb59d5d0 Thread added: 0x00000267bb589e40
Event: 2.282 Thread 0x00000267bb589e40 Thread added: 0x00000267bb58bf10
Event: 2.286 Thread 0x00000267bb589e40 Thread added: 0x00000267bb58ab60
Event: 2.288 Thread 0x00000267bb589e40 Thread added: 0x00000267bb58c5a0
Event: 2.617 Thread 0x00000267bb589e40 Thread added: 0x00000267bb58a4d0
Event: 2.627 Thread 0x00000267bb589e40 Thread added: 0x00000267bb58d2c0
Event: 2.673 Thread 0x00000267bb589e40 Thread added: 0x00000267bb58b1f0


Dynamic libraries:
0x00007ff7c24c0000 - 0x00007ff7c24ca000 	C:\Program Files\Android\Android Studio\jbr\bin\java.exe
0x00007ffc49f70000 - 0x00007ffc4a187000 	C:\WINDOWS\SYSTEM32\ntdll.dll
0x00007ffc48d60000 - 0x00007ffc48e24000 	C:\WINDOWS\System32\KERNEL32.DLL
0x00007ffc47480000 - 0x00007ffc47851000 	C:\WINDOWS\System32\KERNELBASE.dll
0x00007ffc47360000 - 0x00007ffc47471000 	C:\WINDOWS\System32\ucrtbase.dll
0x00007ffc42e40000 - 0x00007ffc42e5b000 	C:\Program Files\Android\Android Studio\jbr\bin\VCRUNTIME140.dll
0x00007ffc3d6c0000 - 0x00007ffc3d6d8000 	C:\Program Files\Android\Android Studio\jbr\bin\jli.dll
0x00007ffc495e0000 - 0x00007ffc49791000 	C:\WINDOWS\System32\USER32.dll
0x00007ffc47980000 - 0x00007ffc479a6000 	C:\WINDOWS\System32\win32u.dll
0x00007ffc34680000 - 0x00007ffc34912000 	C:\WINDOWS\WinSxS\amd64_microsoft.windows.common-controls_6595b64144ccf1df_6.0.22621.4830_none_270fe7d773858e80\COMCTL32.dll
0x00007ffc487c0000 - 0x00007ffc487e9000 	C:\WINDOWS\System32\GDI32.dll
0x00007ffc49e80000 - 0x00007ffc49f27000 	C:\WINDOWS\System32\msvcrt.dll
0x00007ffc479b0000 - 0x00007ffc47acb000 	C:\WINDOWS\System32\gdi32full.dll
0x00007ffc47860000 - 0x00007ffc478fa000 	C:\WINDOWS\System32\msvcp_win.dll
0x00007ffc48ab0000 - 0x00007ffc48ae1000 	C:\WINDOWS\System32\IMM32.DLL
0x00007ffc43d60000 - 0x00007ffc43d6c000 	C:\Program Files\Android\Android Studio\jbr\bin\vcruntime140_1.dll
0x00007ffc35dc0000 - 0x00007ffc35e4d000 	C:\Program Files\Android\Android Studio\jbr\bin\msvcp140.dll
0x00007ffb99120000 - 0x00007ffb99da3000 	C:\Program Files\Android\Android Studio\jbr\bin\server\jvm.dll
0x00007ffc48af0000 - 0x00007ffc48ba1000 	C:\WINDOWS\System32\ADVAPI32.dll
0x00007ffc49880000 - 0x00007ffc49927000 	C:\WINDOWS\System32\sechost.dll
0x00007ffc470b0000 - 0x00007ffc470d8000 	C:\WINDOWS\System32\bcrypt.dll
0x00007ffc48980000 - 0x00007ffc48a94000 	C:\WINDOWS\System32\RPCRT4.dll
0x00007ffc487f0000 - 0x00007ffc48861000 	C:\WINDOWS\System32\WS2_32.dll
0x00007ffc45f60000 - 0x00007ffc45fad000 	C:\WINDOWS\SYSTEM32\POWRPROF.dll
0x00007ffc42a40000 - 0x00007ffc42a4a000 	C:\WINDOWS\SYSTEM32\VERSION.dll
0x00007ffc42cf0000 - 0x00007ffc42d24000 	C:\WINDOWS\SYSTEM32\WINMM.dll
0x00007ffc45f40000 - 0x00007ffc45f53000 	C:\WINDOWS\SYSTEM32\UMPDC.dll
0x00007ffc461f0000 - 0x00007ffc46208000 	C:\WINDOWS\SYSTEM32\kernel.appcore.dll
0x00007ffc43d10000 - 0x00007ffc43d1a000 	C:\Program Files\Android\Android Studio\jbr\bin\jimage.dll
0x00007ffc41980000 - 0x00007ffc41bb2000 	C:\WINDOWS\SYSTEM32\DBGHELP.DLL
0x00007ffc49a90000 - 0x00007ffc49e20000 	C:\WINDOWS\System32\combase.dll
0x00007ffc497a0000 - 0x00007ffc49877000 	C:\WINDOWS\System32\OLEAUT32.dll
0x00007ffc3ddb0000 - 0x00007ffc3dde2000 	C:\WINDOWS\SYSTEM32\dbgcore.DLL
0x00007ffc470e0000 - 0x00007ffc4715b000 	C:\WINDOWS\System32\bcryptPrimitives.dll
0x00007ffc43de0000 - 0x00007ffc43dee000 	C:\Program Files\Android\Android Studio\jbr\bin\instrument.dll
0x00007ffc3f9c0000 - 0x00007ffc3f9e0000 	C:\Program Files\Android\Android Studio\jbr\bin\java.dll
0x00007ffc3f6e0000 - 0x00007ffc3f6f8000 	C:\Program Files\Android\Android Studio\jbr\bin\zip.dll
0x00007ffc47c40000 - 0x00007ffc484c8000 	C:\WINDOWS\System32\SHELL32.dll
0x00007ffc47160000 - 0x00007ffc4729f000 	C:\WINDOWS\System32\wintypes.dll
0x00007ffc45020000 - 0x00007ffc4592d000 	C:\WINDOWS\SYSTEM32\windows.storage.dll
0x00007ffc48e30000 - 0x00007ffc48f3a000 	C:\WINDOWS\System32\SHCORE.dll
0x00007ffc484e0000 - 0x00007ffc4853e000 	C:\WINDOWS\System32\shlwapi.dll
0x00007ffc46fe0000 - 0x00007ffc4700b000 	C:\WINDOWS\SYSTEM32\profapi.dll
0x00007ffc416c0000 - 0x00007ffc416d0000 	C:\Program Files\Android\Android Studio\jbr\bin\net.dll
0x00007ffc44060000 - 0x00007ffc4418c000 	C:\WINDOWS\SYSTEM32\WINHTTP.dll
0x00007ffc46660000 - 0x00007ffc466ca000 	C:\WINDOWS\system32\mswsock.dll
0x00007ffc3f6c0000 - 0x00007ffc3f6d6000 	C:\Program Files\Android\Android Studio\jbr\bin\nio.dll
0x00007ffc3a330000 - 0x00007ffc3a340000 	C:\Program Files\Android\Android Studio\jbr\bin\verify.dll
0x00007ffc26d30000 - 0x00007ffc26d57000 	C:\Users\arima\.gradle\native\c067742578af261105cb4f569cf0c3c89f3d7b1fecec35dd04571415982c5e48\windows-amd64\native-platform.dll
0x00007ffbf8bd0000 - 0x00007ffbf8d14000 	C:\Users\arima\.gradle\native\100fb08df4bc3b14c8652ba06237920a3bd2aa13389f12d3474272988ae205f9\windows-amd64\native-platform-file-events.dll
0x00007ffc3daa0000 - 0x00007ffc3daa9000 	C:\Program Files\Android\Android Studio\jbr\bin\management.dll
0x00007ffc3da90000 - 0x00007ffc3da9b000 	C:\Program Files\Android\Android Studio\jbr\bin\management_ext.dll
0x00007ffc485f0000 - 0x00007ffc485f8000 	C:\WINDOWS\System32\PSAPI.DLL
0x00007ffc468b0000 - 0x00007ffc468cb000 	C:\WINDOWS\SYSTEM32\CRYPTSP.dll
0x00007ffc46150000 - 0x00007ffc46187000 	C:\WINDOWS\system32\rsaenh.dll
0x00007ffc46750000 - 0x00007ffc46778000 	C:\WINDOWS\SYSTEM32\USERENV.dll
0x00007ffc468d0000 - 0x00007ffc468dc000 	C:\WINDOWS\SYSTEM32\CRYPTBASE.dll
0x00007ffc45c00000 - 0x00007ffc45c2d000 	C:\WINDOWS\SYSTEM32\IPHLPAPI.DLL
0x00007ffc484d0000 - 0x00007ffc484d9000 	C:\WINDOWS\System32\NSI.dll
0x00007ffc3f9b0000 - 0x00007ffc3f9b9000 	C:\Program Files\Android\Android Studio\jbr\bin\extnet.dll
0x00007ffc3d6b0000 - 0x00007ffc3d6b8000 	C:\WINDOWS\system32\wshunix.dll

dbghelp: loaded successfully - version: 4.0.5 - missing functions: none
symbol engine: initialized successfully - sym options: 0x614 - pdb path: .;C:\Program Files\Android\Android Studio\jbr\bin;C:\WINDOWS\SYSTEM32;C:\WINDOWS\WinSxS\amd64_microsoft.windows.common-controls_6595b64144ccf1df_6.0.22621.4830_none_270fe7d773858e80;C:\Program Files\Android\Android Studio\jbr\bin\server;C:\Users\arima\.gradle\native\c067742578af261105cb4f569cf0c3c89f3d7b1fecec35dd04571415982c5e48\windows-amd64;C:\Users\arima\.gradle\native\100fb08df4bc3b14c8652ba06237920a3bd2aa13389f12d3474272988ae205f9\windows-amd64

VM Arguments:
jvm_args: --add-opens=java.base/java.util=ALL-UNNAMED --add-opens=java.base/java.lang=ALL-UNNAMED --add-opens=java.base/java.lang.invoke=ALL-UNNAMED --add-opens=java.prefs/java.util.prefs=ALL-UNNAMED --add-exports=jdk.compiler/com.sun.tools.javac.api=ALL-UNNAMED --add-exports=jdk.compiler/com.sun.tools.javac.util=ALL-UNNAMED --add-opens=java.base/java.nio.charset=ALL-UNNAMED --add-opens=java.base/java.net=ALL-UNNAMED --add-opens=java.base/java.util.concurrent.atomic=ALL-UNNAMED -Xmx2048m -Dfile.encoding=UTF-8 -Duser.country=US -Duser.language=en -Duser.variant -javaagent:C:\Users\arima\.gradle\wrapper\dists\gradle-8.10.2-bin\a04bxjujx95o3nb99gddekhwo\gradle-8.10.2\lib\agents\gradle-instrumentation-agent-8.10.2.jar 
java_command: org.gradle.launcher.daemon.bootstrap.GradleDaemon 8.10.2
java_class_path (initial): C:\Users\arima\.gradle\wrapper\dists\gradle-8.10.2-bin\a04bxjujx95o3nb99gddekhwo\gradle-8.10.2\lib\gradle-daemon-main-8.10.2.jar
Launcher Type: SUN_STANDARD

[Global flags]
     intx CICompilerCount                          = 12                                        {product} {ergonomic}
     uint ConcGCThreads                            = 3                                         {product} {ergonomic}
     uint G1ConcRefinementThreads                  = 13                                        {product} {ergonomic}
   size_t G1HeapRegionSize                         = 1048576                                   {product} {ergonomic}
    uintx GCDrainStackTargetSize                   = 64                                        {product} {ergonomic}
   size_t InitialHeapSize                          = 121634816                                 {product} {ergonomic}
   size_t MarkStackSize                            = 4194304                                   {product} {ergonomic}
   size_t MaxHeapSize                              = 2147483648                                {product} {command line}
   size_t MaxNewSize                               = 1287651328                                {product} {ergonomic}
   size_t MinHeapDeltaBytes                        = 1048576                                   {product} {ergonomic}
   size_t MinHeapSize                              = 8388608                                   {product} {ergonomic}
    uintx NonNMethodCodeHeapSize                   = 7602480                                {pd product} {ergonomic}
    uintx NonProfiledCodeHeapSize                  = 122027880                              {pd product} {ergonomic}
    uintx ProfiledCodeHeapSize                     = 122027880                              {pd product} {ergonomic}
    uintx ReservedCodeCacheSize                    = 251658240                              {pd product} {ergonomic}
     bool SegmentedCodeCache                       = true                                      {product} {ergonomic}
   size_t SoftMaxHeapSize                          = 2147483648                             {manageable} {ergonomic}
     bool UseCompressedOops                        = true                           {product lp64_product} {ergonomic}
     bool UseG1GC                                  = true                                      {product} {ergonomic}
     bool UseLargePagesIndividualAllocation        = false                                  {pd product} {ergonomic}

Logging:
Log output configuration:
 #0: stdout all=warning uptime,level,tags foldmultilines=false
 #1: stderr all=off uptime,level,tags foldmultilines=false

Environment Variables:
PATH=C:\Program Files\Microsoft MPI\Bin\;C:\Program Files\Common Files\Oracle\Java\javapath;C:\Program Files (x86)\VMware\VMware Workstation\bin\;C:\Program Files\Python311\Scripts\;C:\Program Files\Python311\;C:\WINDOWS\system32;C:\WINDOWS;C:\WINDOWS\System32\Wbem;C:\WINDOWS\System32\WindowsPowerShell\v1.0\;C:\WINDOWS\System32\OpenSSH\;C:\MinGW\bin;C:\Program Files\Java\jdk-21\bin;C:\Program Files (x86)\Microsoft SQL Server\160\Tools\Binn\;C:\Program Files\Microsoft SQL Server\160\Tools\Binn\;C:\Program Files\Microsoft SQL Server\Client SDK\ODBC\170\Tools\Binn\;C:\Program Files\Microsoft SQL Server\160\DTS\Binn\;C:\Program Files\Azure Data Studio\bin;C:\Program Files\Git\cmd;C:\Program Files\Microsoft SQL Server\150\Tools\Binn\;C:\Program Files (x86)\Microsoft SQL Server\160\DTS\Binn\;C:\Program Files\dotnet\;C:\Program Files\nodejs\;C:\Program Files\MySQL\MySQL Shell 8.0\bin\;C:\Users\arima\AppData\Local\Microsoft\WindowsApps;;C:\Users\arima\AppData\Local\Programs\Microsoft VS Code\bin;C:\Program Files\JetBrains\IntelliJ IDEA Community Edition 2023.3.3\bin;;C:\Program Files\Azure Data Studio\bin;C:\Users\arima\.dotnet\tools;C:\Program Files\JetBrains\PyCharm 2024.3.2\bin;;C:\Users\arima\AppData\Roaming\npm
USERNAME=arima
OS=Windows_NT
PROCESSOR_IDENTIFIER=AMD64 Family 25 Model 68 Stepping 1, AuthenticAMD
TMP=C:\Users\arima\AppData\Local\Temp
TEMP=C:\Users\arima\AppData\Local\Temp




Periodic native trim disabled

JNI global refs:
JNI global refs: 31, weak refs: 0

JNI global refs memory usage: 835, weak refs: 833

Process memory usage:
Resident Set Size: 210912K (2% of 7599212K total physical memory with 499628K free physical memory)

OOME stack traces (most recent first):
Classloader memory used:
Loader bootstrap                                                                       : 16398K
Loader org.gradle.internal.classloader.VisitableURLClassLoader                         : 11261K
Loader org.gradle.initialization.MixInLegacyTypesClassLoader                           : 1328K
Loader jdk.internal.loader.ClassLoaders$AppClassLoader                                 : 234K
Loader jdk.internal.loader.ClassLoaders$PlatformClassLoader                            : 114K

Classes loaded by more than one classloader:
Class org.gradle.internal.classloader.FilteringClassLoader                            : loaded 2 times (x 101B)
Class org.gradle.internal.classloader.ClassLoaderHierarchy                            : loaded 2 times (x 66B)
Class org.gradle.api.internal.classpath.ManifestUtil                                  : loaded 2 times (x 67B)
Class org.gradle.internal.classloader.DefaultClassLoaderFactory                       : loaded 2 times (x 78B)
Class org.gradle.internal.classloader.ClassLoaderVisitor                              : loaded 2 times (x 72B)
Class org.gradle.api.internal.classpath.EffectiveClassPath                            : loaded 2 times (x 86B)
Class org.gradle.api.internal.DefaultClassPathProvider                                : loaded 2 times (x 72B)
Class [Lorg.gradle.api.internal.ClassPathProvider;                                    : loaded 2 times (x 65B)
Class org.gradle.api.internal.ClassPathProvider                                       : loaded 2 times (x 66B)
Class org.gradle.internal.service.UnknownServiceException                             : loaded 2 times (x 79B)
Class org.gradle.internal.classpath.TransformedClassPath                              : loaded 2 times (x 92B)
Class org.gradle.internal.classloader.InstrumentingClassLoader                        : loaded 2 times (x 66B)
Class org.gradle.internal.service.ServiceLocator                                      : loaded 2 times (x 66B)
Class org.gradle.internal.InternalTransformer                                         : loaded 2 times (x 66B)
Class org.gradle.internal.classloader.ClasspathUtil$1                                 : loaded 2 times (x 72B)
Class org.gradle.api.internal.classpath.DefaultModuleRegistry$DefaultModule           : loaded 2 times (x 82B)
Class org.gradle.api.internal.classpath.Module                                        : loaded 2 times (x 66B)
Class org.gradle.api.internal.classpath.UnknownModuleException                        : loaded 2 times (x 78B)
Class org.gradle.api.internal.DefaultClassPathRegistry                                : loaded 2 times (x 72B)
Class org.gradle.api.internal.ClassPathRegistry                                       : loaded 2 times (x 66B)
Class org.gradle.internal.classpath.DefaultClassPath$ImmutableUniqueList              : loaded 2 times (x 195B)
Class org.gradle.internal.classpath.ClassPath                                         : loaded 2 times (x 66B)
Class org.gradle.api.UncheckedIOException                                             : loaded 2 times (x 78B)
Class org.gradle.internal.installation.GradleInstallation$1                           : loaded 2 times (x 71B)
Class org.gradle.api.internal.classpath.ModuleRegistry                                : loaded 2 times (x 66B)
Class org.gradle.api.internal.classpath.DefaultModuleRegistry                         : loaded 2 times (x 82B)
Class org.gradle.internal.service.ServiceLookupException                              : loaded 2 times (x 78B)
Class org.gradle.internal.classloader.ClassLoaderFactory                              : loaded 2 times (x 66B)
Class org.gradle.internal.service.CachingServiceLocator                               : loaded 2 times (x 78B)
Class org.gradle.internal.classloader.ClasspathUtil                                   : loaded 2 times (x 67B)
Class org.gradle.api.specs.Spec                                                       : loaded 2 times (x 66B)
Class org.gradle.internal.classloader.VisitableURLClassLoader$InstrumentingVisitableURLClassLoader: loaded 2 times (x 119B)
Class org.gradle.internal.classloader.VisitableURLClassLoader$Spec                    : loaded 2 times (x 70B)
Class org.gradle.internal.classpath.DefaultClassPath                                  : loaded 2 times (x 86B)
Class org.gradle.internal.classloader.ClassLoaderSpec                                 : loaded 2 times (x 67B)
Class org.gradle.internal.classloader.VisitableURLClassLoader                         : loaded 2 times (x 113B)
Class org.gradle.internal.Cast                                                        : loaded 2 times (x 67B)
Class org.gradle.api.Action                                                           : loaded 2 times (x 66B)
Class org.gradle.internal.classpath.DefaultClassPath$ImmutableUniqueList$Builder      : loaded 2 times (x 71B)
Class org.gradle.api.GradleException                                                  : loaded 2 times (x 78B)
Class org.gradle.internal.IoActions                                                   : loaded 2 times (x 67B)
Class org.gradle.internal.classloader.SystemClassLoaderSpec                           : loaded 2 times (x 67B)
Class org.gradle.api.internal.classpath.GlobalCacheRootsProvider                      : loaded 2 times (x 66B)
Class org.gradle.internal.installation.CurrentGradleInstallationLocator               : loaded 2 times (x 67B)
Class org.gradle.internal.service.DefaultServiceLocator                               : loaded 2 times (x 79B)
Class org.gradle.internal.installation.CurrentGradleInstallation                      : loaded 2 times (x 69B)
Class org.gradle.util.internal.GUtil                                                  : loaded 2 times (x 67B)
Class org.gradle.internal.installation.GradleInstallation                             : loaded 2 times (x 71B)

---------------  S Y S T E M  ---------------

OS:
 Windows 11 , 64 bit Build 22621 (10.0.22621.4974)
OS uptime: 1 days 13:08 hours

CPU: total 16 (initial active 16) (16 cores per cpu, 2 threads per core) family 25 model 68 stepping 1 microcode 0x0, cx8, cmov, fxsr, ht, mmx, 3dnowpref, sse, sse2, sse3, ssse3, sse4a, sse4.1, sse4.2, popcnt, lzcnt, tsc, tscinvbit, avx, avx2, aes, clmul, bmi1, bmi2, adx, sha, fma, vzeroupper, clflush, clflushopt, rdtscp, rdpid, f16c, pku, cet_ss
Processor Information for processor 0
  Max Mhz: 3201, Current Mhz: 3201, Mhz Limit: 3201
Processor Information for processor 1
  Max Mhz: 3201, Current Mhz: 3201, Mhz Limit: 3201
Processor Information for processor 2
  Max Mhz: 3201, Current Mhz: 3201, Mhz Limit: 3201
Processor Information for processor 3
  Max Mhz: 3201, Current Mhz: 2508, Mhz Limit: 3201
Processor Information for processor 4
  Max Mhz: 3201, Current Mhz: 3201, Mhz Limit: 3201
Processor Information for processor 5
  Max Mhz: 3201, Current Mhz: 3201, Mhz Limit: 3201
Processor Information for processor 6
  Max Mhz: 3201, Current Mhz: 3201, Mhz Limit: 3201
Processor Information for processor 7
  Max Mhz: 3201, Current Mhz: 3201, Mhz Limit: 3201
Processor Information for processor 8
  Max Mhz: 3201, Current Mhz: 2508, Mhz Limit: 3201
Processor Information for processor 9
  Max Mhz: 3201, Current Mhz: 2508, Mhz Limit: 3201
Processor Information for processor 10
  Max Mhz: 3201, Current Mhz: 3201, Mhz Limit: 3201
Processor Information for processor 11
  Max Mhz: 3201, Current Mhz: 2508, Mhz Limit: 3201
Processor Information for processor 12
  Max Mhz: 3201, Current Mhz: 2508, Mhz Limit: 3201
Processor Information for processor 13
  Max Mhz: 3201, Current Mhz: 2508, Mhz Limit: 3201
Processor Information for processor 14
  Max Mhz: 3201, Current Mhz: 2508, Mhz Limit: 3201
Processor Information for processor 15
  Max Mhz: 3201, Current Mhz: 2508, Mhz Limit: 3201

Memory: 4k page, system-wide physical 7421M (487M free)
TotalPageFile size 26171M (AvailPageFile size 6M)
current process WorkingSet (physical memory assigned to process): 205M, peak: 205M
current process commit charge ("private bytes"): 257M, peak: 259M

vm_info: OpenJDK 64-Bit Server VM (21.0.4+-12508038-b607.1) for windows-amd64 JRE (21.0.4+-12508038-b607.1), built on 2024-10-16T17:23:34Z by "builder" with MS VC++ 16.10 / 16.11 (VS2019)

END.
