#
# There is insufficient memory for the Java Runtime Environment to continue.
# Native memory allocation (mmap) failed to map 15728640 bytes. Error detail: G1 virtual space
# Possible reasons:
#   The system is out of physical RAM or swap space
#   This process is running with CompressedOops enabled, and the Java Heap may be blocking the growth of the native heap
# Possible solutions:
#   Reduce memory load on the system
#   Increase physical memory or swap space
#   Check if swap backing store is full
#   Decrease Java heap size (-Xmx/-Xms)
#   Decrease number of Java threads
#   Decrease Java thread stack sizes (-Xss)
#   Set larger code cache with -XX:ReservedCodeCacheSize=
#   JVM is running with Unscaled Compressed Oops mode in which the Java heap is
#     placed in the first 4GB address space. The Java Heap base address is the
#     maximum limit for the native heap growth. Please use -XX:HeapBaseMinAddress
#     to set the Java Heap base and to place the Java Heap above 4GB virtual address.
# This output file may be truncated or incomplete.
#
#  Out of Memory Error (os_windows.cpp:3828), pid=20064, tid=22096
#
# JRE version: OpenJDK Runtime Environment (21.0.4) (build 21.0.4+-12508038-b607.1)
# Java VM: OpenJDK 64-Bit Server VM (21.0.4+-12508038-b607.1, mixed mode, tiered, compressed oops, compressed class ptrs, g1 gc, windows-amd64)
# No core dump will be written. Minidumps are not enabled by default on client versions of Windows
#

---------------  S U M M A R Y ------------

Command Line: --add-opens=java.base/java.util=ALL-UNNAMED --add-opens=java.base/java.lang=ALL-UNNAMED --add-opens=java.base/java.lang.invoke=ALL-UNNAMED --add-opens=java.prefs/java.util.prefs=ALL-UNNAMED --add-exports=jdk.compiler/com.sun.tools.javac.api=ALL-UNNAMED --add-exports=jdk.compiler/com.sun.tools.javac.util=ALL-UNNAMED --add-opens=java.base/java.nio.charset=ALL-UNNAMED --add-opens=java.base/java.net=ALL-UNNAMED --add-opens=java.base/java.util.concurrent.atomic=ALL-UNNAMED -Xmx2048m -Dfile.encoding=UTF-8 -Duser.country=US -Duser.language=en -Duser.variant -javaagent:C:\Users\arima\.gradle\wrapper\dists\gradle-8.10.2-bin\a04bxjujx95o3nb99gddekhwo\gradle-8.10.2\lib\agents\gradle-instrumentation-agent-8.10.2.jar org.gradle.launcher.daemon.bootstrap.GradleDaemon 8.10.2

Host: AMD Ryzen 7 6800H with Radeon Graphics         , 16 cores, 7G,  Windows 11 , 64 bit Build 22621 (10.0.22621.4974)
Time: Tue Mar 18 19:47:01 2025 SE Asia Standard Time elapsed time: 5.283648 seconds (0d 0h 0m 5s)

---------------  T H R E A D  ---------------

Current thread (0x0000024b25c0c800):  VMThread "VM Thread"          [id=22096, stack(0x000000cf71300000,0x000000cf71400000) (1024K)]

Stack: [0x000000cf71300000,0x000000cf71400000]
Native frames: (J=compiled Java code, j=interpreted, Vv=VM code, C=native code)
V  [jvm.dll+0x6ce539]
V  [jvm.dll+0x85bf03]
V  [jvm.dll+0x85e45e]
V  [jvm.dll+0x85eb43]
V  [jvm.dll+0x27dd06]
V  [jvm.dll+0x6cada5]
V  [jvm.dll+0x6bf27a]
V  [jvm.dll+0x3541fb]
V  [jvm.dll+0x35be36]
V  [jvm.dll+0x3adbc6]
V  [jvm.dll+0x3ade98]
V  [jvm.dll+0x32691c]
V  [jvm.dll+0x3269a7]
V  [jvm.dll+0x36c78c]
V  [jvm.dll+0x36af3e]
V  [jvm.dll+0x326071]
V  [jvm.dll+0x36a650]
V  [jvm.dll+0x8648c8]
V  [jvm.dll+0x865c44]
V  [jvm.dll+0x866180]
V  [jvm.dll+0x866413]
V  [jvm.dll+0x804418]
V  [jvm.dll+0x6cce0d]
C  [ucrtbase.dll+0x29333]
C  [KERNEL32.DLL+0x1259d]
C  [ntdll.dll+0x5af38]

VM_Operation (0x000000cf72ef8a00): G1CollectForAllocation, mode: safepoint, requested by thread 0x0000024b2bea03d0


---------------  P R O C E S S  ---------------

Threads class SMR info:
_java_thread_list=0x0000024b2c30fa80, length=36, elements={
0x0000024b0d820600, 0x0000024b25c7a0a0, 0x0000024b25c7cae0, 0x0000024b25c88280,
0x0000024b25c888f0, 0x0000024b25c60df0, 0x0000024b25c61460, 0x0000024b25c992b0,
0x0000024b25c99bc0, 0x0000024b25e0f5d0, 0x0000024b25e1bab0, 0x0000024b25e7a840,
0x0000024b2a183400, 0x0000024b2adca040, 0x0000024b2bb2f2a0, 0x0000024b2bc40be0,
0x0000024b2bcdfc50, 0x0000024b2bef9560, 0x0000024b2bed1110, 0x0000024b2c084040,
0x0000024b2be9f020, 0x0000024b2bea03d0, 0x0000024b2be9fd40, 0x0000024b2be9e300,
0x0000024b2be9cf50, 0x0000024b2be9d5e0, 0x0000024b2be9f6b0, 0x0000024b2be9dc70,
0x0000024b2dc90de0, 0x0000024b2dc91470, 0x0000024b2dc8cc40, 0x0000024b2dc8d960,
0x0000024b2dc93540, 0x0000024b2dc8fa30, 0x0000024b2dc93bd0, 0x0000024b2dc8f3a0
}

Java Threads: ( => current thread )
  0x0000024b0d820600 JavaThread "main"                              [_thread_blocked, id=23068, stack(0x000000cf70c00000,0x000000cf70d00000) (1024K)]
  0x0000024b25c7a0a0 JavaThread "Reference Handler"          daemon [_thread_blocked, id=11416, stack(0x000000cf71400000,0x000000cf71500000) (1024K)]
  0x0000024b25c7cae0 JavaThread "Finalizer"                  daemon [_thread_blocked, id=20224, stack(0x000000cf71500000,0x000000cf71600000) (1024K)]
  0x0000024b25c88280 JavaThread "Signal Dispatcher"          daemon [_thread_blocked, id=17280, stack(0x000000cf71600000,0x000000cf71700000) (1024K)]
  0x0000024b25c888f0 JavaThread "Attach Listener"            daemon [_thread_blocked, id=2092, stack(0x000000cf71700000,0x000000cf71800000) (1024K)]
  0x0000024b25c60df0 JavaThread "Service Thread"             daemon [_thread_blocked, id=9784, stack(0x000000cf71800000,0x000000cf71900000) (1024K)]
  0x0000024b25c61460 JavaThread "Monitor Deflation Thread"   daemon [_thread_blocked, id=22992, stack(0x000000cf71900000,0x000000cf71a00000) (1024K)]
  0x0000024b25c992b0 JavaThread "C2 CompilerThread0"         daemon [_thread_blocked, id=15280, stack(0x000000cf71a00000,0x000000cf71b00000) (1024K)]
  0x0000024b25c99bc0 JavaThread "C1 CompilerThread0"         daemon [_thread_blocked, id=8736, stack(0x000000cf71b00000,0x000000cf71c00000) (1024K)]
  0x0000024b25e0f5d0 JavaThread "Common-Cleaner"             daemon [_thread_blocked, id=19744, stack(0x000000cf71c00000,0x000000cf71d00000) (1024K)]
  0x0000024b25e1bab0 JavaThread "C1 CompilerThread1"         daemon [_thread_blocked, id=6720, stack(0x000000cf71d00000,0x000000cf71e00000) (1024K)]
  0x0000024b25e7a840 JavaThread "C1 CompilerThread2"         daemon [_thread_blocked, id=11600, stack(0x000000cf71e00000,0x000000cf71f00000) (1024K)]
  0x0000024b2a183400 JavaThread "Notification Thread"        daemon [_thread_blocked, id=20448, stack(0x000000cf71f00000,0x000000cf72000000) (1024K)]
  0x0000024b2adca040 JavaThread "C1 CompilerThread3"         daemon [_thread_blocked, id=22956, stack(0x000000cf72300000,0x000000cf72400000) (1024K)]
  0x0000024b2bb2f2a0 JavaThread "C2 CompilerThread1"         daemon [_thread_blocked, id=13796, stack(0x000000cf72000000,0x000000cf72100000) (1024K)]
  0x0000024b2bc40be0 JavaThread "Daemon health stats"               [_thread_blocked, id=22888, stack(0x000000cf72800000,0x000000cf72900000) (1024K)]
  0x0000024b2bcdfc50 JavaThread "Incoming local TCP Connector on port 64013"        [_thread_in_native, id=20884, stack(0x000000cf72900000,0x000000cf72a00000) (1024K)]
  0x0000024b2bef9560 JavaThread "Daemon periodic checks"            [_thread_blocked, id=18136, stack(0x000000cf72a00000,0x000000cf72b00000) (1024K)]
  0x0000024b2bed1110 JavaThread "Daemon"                            [_thread_blocked, id=20348, stack(0x000000cf72b00000,0x000000cf72c00000) (1024K)]
  0x0000024b2c084040 JavaThread "Handler for socket connection from /127.0.0.1:64013 to /127.0.0.1:64014"        [_thread_in_native, id=8804, stack(0x000000cf72c00000,0x000000cf72d00000) (1024K)]
  0x0000024b2be9f020 JavaThread "Cancel handler"                    [_thread_blocked, id=20108, stack(0x000000cf72d00000,0x000000cf72e00000) (1024K)]
  0x0000024b2bea03d0 JavaThread "Daemon worker"                     [_thread_blocked, id=17184, stack(0x000000cf72e00000,0x000000cf72f00000) (1024K)]
  0x0000024b2be9fd40 JavaThread "Asynchronous log dispatcher for DefaultDaemonConnection: socket connection from /127.0.0.1:64013 to /127.0.0.1:64014"        [_thread_blocked, id=22568, stack(0x000000cf72f00000,0x000000cf73000000) (1024K)]
  0x0000024b2be9e300 JavaThread "Stdin handler"                     [_thread_blocked, id=11812, stack(0x000000cf73000000,0x000000cf73100000) (1024K)]
  0x0000024b2be9cf50 JavaThread "Daemon client event forwarder"        [_thread_blocked, id=14756, stack(0x000000cf73100000,0x000000cf73200000) (1024K)]
  0x0000024b2be9d5e0 JavaThread "Cache worker for journal cache (C:\Users\arima\.gradle\caches\journal-1)"        [_thread_blocked, id=19832, stack(0x000000cf73a00000,0x000000cf73b00000) (1024K)]
  0x0000024b2be9f6b0 JavaThread "File lock request listener"        [_thread_in_native, id=17644, stack(0x000000cf73b00000,0x000000cf73c00000) (1024K)]
  0x0000024b2be9dc70 JavaThread "Cache worker for file hash cache (C:\Users\arima\.gradle\caches\8.10.2\fileHashes)"        [_thread_blocked, id=14644, stack(0x000000cf73c00000,0x000000cf73d00000) (1024K)]
  0x0000024b2dc90de0 JavaThread "Cache worker for file hash cache (C:\Users\arima\AndroidStudioProjects\PlaneTicketBooking\.gradle\8.10.2\fileHashes)"        [_thread_blocked, id=8532, stack(0x000000cf73d00000,0x000000cf73e00000) (1024K)]
  0x0000024b2dc91470 JavaThread "Cache worker for Build Output Cleanup Cache (C:\Users\arima\AndroidStudioProjects\PlaneTicketBooking\.gradle\buildOutputCleanup)"        [_thread_blocked, id=17724, stack(0x000000cf73e00000,0x000000cf73f00000) (1024K)]
  0x0000024b2dc8cc40 JavaThread "File watcher server"        daemon [_thread_in_native, id=23540, stack(0x000000cf73f00000,0x000000cf74000000) (1024K)]
  0x0000024b2dc8d960 JavaThread "File watcher consumer"      daemon [_thread_blocked, id=17912, stack(0x000000cf74000000,0x000000cf74100000) (1024K)]
  0x0000024b2dc93540 JavaThread "Cache worker for checksums cache (C:\Users\arima\AndroidStudioProjects\PlaneTicketBooking\.gradle\8.10.2\checksums)"        [_thread_blocked, id=21648, stack(0x000000cf74100000,0x000000cf74200000) (1024K)]
  0x0000024b2dc8fa30 JavaThread "Cache worker for file content cache (C:\Users\arima\.gradle\caches\8.10.2\fileContent)"        [_thread_blocked, id=19244, stack(0x000000cf74200000,0x000000cf74300000) (1024K)]
  0x0000024b2dc93bd0 JavaThread "Cache worker for cache directory md-rule (C:\Users\arima\.gradle\caches\8.10.2\md-rule)"        [_thread_blocked, id=10128, stack(0x000000cf74300000,0x000000cf74400000) (1024K)]
  0x0000024b2dc8f3a0 JavaThread "Cache worker for cache directory md-supplier (C:\Users\arima\.gradle\caches\8.10.2\md-supplier)"        [_thread_blocked, id=9836, stack(0x000000cf74400000,0x000000cf74500000) (1024K)]
Total: 36

Other Threads:
=>0x0000024b25c0c800 VMThread "VM Thread"                           [id=22096, stack(0x000000cf71300000,0x000000cf71400000) (1024K)]
  0x0000024b25a095a0 WatcherThread "VM Periodic Task Thread"        [id=20140, stack(0x000000cf71200000,0x000000cf71300000) (1024K)]
  0x0000024b0b78e030 WorkerThread "GC Thread#0"                     [id=2756, stack(0x000000cf70d00000,0x000000cf70e00000) (1024K)]
  0x0000024b2a51dcb0 WorkerThread "GC Thread#1"                     [id=18824, stack(0x000000cf72100000,0x000000cf72200000) (1024K)]
  0x0000024b2a7170e0 WorkerThread "GC Thread#2"                     [id=9624, stack(0x000000cf72200000,0x000000cf72300000) (1024K)]
  0x0000024b2ad3f1d0 WorkerThread "GC Thread#3"                     [id=18128, stack(0x000000cf72400000,0x000000cf72500000) (1024K)]
  0x0000024b2ad3f980 WorkerThread "GC Thread#4"                     [id=19232, stack(0x000000cf72500000,0x000000cf72600000) (1024K)]
  0x0000024b2bd20d30 WorkerThread "GC Thread#5"                     [id=7176, stack(0x000000cf72600000,0x000000cf72700000) (1024K)]
  0x0000024b2bd210d0 WorkerThread "GC Thread#6"                     [id=22664, stack(0x000000cf72700000,0x000000cf72800000) (1024K)]
  0x0000024b2bd50f10 WorkerThread "GC Thread#7"                     [id=11372, stack(0x000000cf73200000,0x000000cf73300000) (1024K)]
  0x0000024b2bd512b0 WorkerThread "GC Thread#8"                     [id=14028, stack(0x000000cf73300000,0x000000cf73400000) (1024K)]
  0x0000024b2bd51650 WorkerThread "GC Thread#9"                     [id=22212, stack(0x000000cf73400000,0x000000cf73500000) (1024K)]
  0x0000024b2bd519f0 WorkerThread "GC Thread#10"                    [id=10356, stack(0x000000cf73500000,0x000000cf73600000) (1024K)]
  0x0000024b2bd51d90 WorkerThread "GC Thread#11"                    [id=9584, stack(0x000000cf73600000,0x000000cf73700000) (1024K)]
  0x0000024b2bd52130 WorkerThread "GC Thread#12"                    [id=15632, stack(0x000000cf73700000,0x000000cf73800000) (1024K)]
  0x0000024b0d886150 ConcurrentGCThread "G1 Main Marker"            [id=10616, stack(0x000000cf70e00000,0x000000cf70f00000) (1024K)]
  0x0000024b0d886cd0 WorkerThread "G1 Conc#0"                       [id=21312, stack(0x000000cf70f00000,0x000000cf71000000) (1024K)]
  0x0000024b2bd52870 WorkerThread "G1 Conc#1"                       [id=4612, stack(0x000000cf73800000,0x000000cf73900000) (1024K)]
  0x0000024b2bd524d0 WorkerThread "G1 Conc#2"                       [id=14492, stack(0x000000cf73900000,0x000000cf73a00000) (1024K)]
  0x0000024b0d8de150 ConcurrentGCThread "G1 Refine#0"               [id=22972, stack(0x000000cf71000000,0x000000cf71100000) (1024K)]
  0x0000024b0d8de7e0 ConcurrentGCThread "G1 Service"                [id=22052, stack(0x000000cf71100000,0x000000cf71200000) (1024K)]
Total: 21

Threads with active compile tasks:
C2 CompilerThread0     5308 4478   !   4       java.net.URLClassLoader$1::run (81 bytes)
C2 CompilerThread1     5308 4479   !   4       java.net.URLClassLoader::findClass (47 bytes)
Total: 2

VM state: at safepoint (normal execution)

VM Mutex/Monitor currently owned by a thread:  ([mutex/lock_event])
[0x00007ffb99cc72f8] Threads_lock - owner thread: 0x0000024b25c0c800
[0x00007ffb99cc73f8] Heap_lock - owner thread: 0x0000024b2bea03d0

Heap address: 0x0000000080000000, size: 2048 MB, Compressed Oops mode: 32-bit

CDS archive(s) not mapped
Compressed class space mapped at: 0x0000000100000000-0x0000000140000000, reserved size: 1073741824
Narrow klass base: 0x0000000000000000, Narrow klass shift: 3, Narrow klass range: 0x140000000

GC Precious Log:
 CardTable entry size: 512
 Card Set container configuration: InlinePtr #cards 5 size 8 Array Of Cards #cards 12 size 40 Howl #buckets 4 coarsen threshold 1843 Howl Bitmap #cards 512 size 80 coarsen threshold 460 Card regions per heap region 1 cards per card region 2048
 CPUs: 16 total, 16 available
 Memory: 7421M
 Large Page Support: Disabled
 NUMA Support: Disabled
 Compressed Oops: Enabled (32-bit)
 Heap Region Size: 1M
 Heap Min Capacity: 8M
 Heap Initial Capacity: 116M
 Heap Max Capacity: 2G
 Pre-touch: Disabled
 Parallel Workers: 13
 Concurrent Workers: 3
 Concurrent Refinement Workers: 13
 Periodic GC: Disabled

Heap:
 garbage-first heap   total 81920K, used 35758K [0x0000000080000000, 0x0000000100000000)
  region size 1024K, 6 young (6144K), 6 survivors (6144K)
 Metaspace       used 48532K, committed 49856K, reserved 1114112K
  class space    used 6523K, committed 7168K, reserved 1048576K

Heap Regions: E=young(eden), S=young(survivor), O=old, HS=humongous(starts), HC=humongous(continues), CS=collection set, F=free, TAMS=top-at-mark-start, PB=parsable bottom
|   0|0x0000000080000000, 0x0000000080100000, 0x0000000080100000|100%| O|  |TAMS 0x0000000080000000| PB 0x0000000080000000| Untracked 
|   1|0x0000000080100000, 0x0000000080200000, 0x0000000080200000|100%|HS|  |TAMS 0x0000000080100000| PB 0x0000000080100000| Complete 
|   2|0x0000000080200000, 0x0000000080300000, 0x0000000080300000|100%|HC|  |TAMS 0x0000000080200000| PB 0x0000000080200000| Complete 
|   3|0x0000000080300000, 0x0000000080400000, 0x0000000080400000|100%|HC|  |TAMS 0x0000000080300000| PB 0x0000000080300000| Complete 
|   4|0x0000000080400000, 0x0000000080500000, 0x0000000080500000|100%|HC|  |TAMS 0x0000000080400000| PB 0x0000000080400000| Complete 
|   5|0x0000000080500000, 0x0000000080600000, 0x0000000080600000|100%| O|  |TAMS 0x0000000080500000| PB 0x0000000080500000| Untracked 
|   6|0x0000000080600000, 0x0000000080700000, 0x0000000080700000|100%| O|  |TAMS 0x0000000080600000| PB 0x0000000080600000| Untracked 
|   7|0x0000000080700000, 0x0000000080800000, 0x0000000080800000|100%| O|  |TAMS 0x0000000080700000| PB 0x0000000080700000| Untracked 
|   8|0x0000000080800000, 0x0000000080900000, 0x0000000080900000|100%|HS|  |TAMS 0x0000000080800000| PB 0x0000000080800000| Complete 
|   9|0x0000000080900000, 0x0000000080a00000, 0x0000000080a00000|100%| O|  |TAMS 0x0000000080900000| PB 0x0000000080900000| Untracked 
|  10|0x0000000080a00000, 0x0000000080b00000, 0x0000000080b00000|100%| O|  |TAMS 0x0000000080a00000| PB 0x0000000080a00000| Untracked 
|  11|0x0000000080b00000, 0x0000000080c00000, 0x0000000080c00000|100%| O|  |TAMS 0x0000000080b00000| PB 0x0000000080b00000| Untracked 
|  12|0x0000000080c00000, 0x0000000080d00000, 0x0000000080d00000|100%| O|  |TAMS 0x0000000080c00000| PB 0x0000000080c00000| Untracked 
|  13|0x0000000080d00000, 0x0000000080e00000, 0x0000000080e00000|100%| O|  |TAMS 0x0000000080d00000| PB 0x0000000080d00000| Untracked 
|  14|0x0000000080e00000, 0x0000000080f00000, 0x0000000080f00000|100%| O|  |TAMS 0x0000000080e00000| PB 0x0000000080e00000| Untracked 
|  15|0x0000000080f00000, 0x0000000081000000, 0x0000000081000000|100%| O|  |TAMS 0x0000000080f00000| PB 0x0000000080f00000| Untracked 
|  16|0x0000000081000000, 0x0000000081100000, 0x0000000081100000|100%| O|  |TAMS 0x0000000081000000| PB 0x0000000081000000| Untracked 
|  17|0x0000000081100000, 0x0000000081200000, 0x0000000081200000|100%| O|  |TAMS 0x0000000081100000| PB 0x0000000081100000| Untracked 
|  18|0x0000000081200000, 0x0000000081300000, 0x0000000081300000|100%| O|  |TAMS 0x0000000081200000| PB 0x0000000081200000| Untracked 
|  19|0x0000000081300000, 0x0000000081400000, 0x0000000081400000|100%| O|  |TAMS 0x0000000081300000| PB 0x0000000081300000| Untracked 
|  20|0x0000000081400000, 0x0000000081500000, 0x0000000081500000|100%| O|  |TAMS 0x0000000081400000| PB 0x0000000081400000| Untracked 
|  21|0x0000000081500000, 0x0000000081600000, 0x0000000081600000|100%| O|  |TAMS 0x0000000081500000| PB 0x0000000081500000| Untracked 
|  22|0x0000000081600000, 0x0000000081700000, 0x0000000081700000|100%| O|  |TAMS 0x0000000081600000| PB 0x0000000081600000| Untracked 
|  23|0x0000000081700000, 0x0000000081800000, 0x0000000081800000|100%| O|  |TAMS 0x0000000081700000| PB 0x0000000081700000| Untracked 
|  24|0x0000000081800000, 0x0000000081900000, 0x0000000081900000|100%| O|  |TAMS 0x0000000081800000| PB 0x0000000081800000| Untracked 
|  25|0x0000000081900000, 0x0000000081a00000, 0x0000000081a00000|100%| O|  |TAMS 0x0000000081900000| PB 0x0000000081900000| Untracked 
|  26|0x0000000081a00000, 0x0000000081b00000, 0x0000000081b00000|100%| O|  |TAMS 0x0000000081a00000| PB 0x0000000081a00000| Untracked 
|  27|0x0000000081b00000, 0x0000000081c00000, 0x0000000081c00000|100%| O|  |TAMS 0x0000000081b00000| PB 0x0000000081b00000| Untracked 
|  28|0x0000000081c00000, 0x0000000081d00000, 0x0000000081d00000|100%| O|  |TAMS 0x0000000081c00000| PB 0x0000000081c00000| Untracked 
|  29|0x0000000081d00000, 0x0000000081d00000, 0x0000000081e00000|  0%| F|  |TAMS 0x0000000081d00000| PB 0x0000000081d00000| Untracked 
|  30|0x0000000081e00000, 0x0000000081e6fbe8, 0x0000000081f00000| 43%| O|  |TAMS 0x0000000081e00000| PB 0x0000000081e00000| Untracked 
|  31|0x0000000081f00000, 0x0000000081f00000, 0x0000000082000000|  0%| F|  |TAMS 0x0000000081f00000| PB 0x0000000081f00000| Untracked 
|  32|0x0000000082000000, 0x0000000082000000, 0x0000000082100000|  0%| F|  |TAMS 0x0000000082000000| PB 0x0000000082000000| Untracked 
|  33|0x0000000082100000, 0x000000008217bf90, 0x0000000082200000| 48%| S|CS|TAMS 0x0000000082100000| PB 0x0000000082100000| Complete 
|  34|0x0000000082200000, 0x0000000082300000, 0x0000000082300000|100%| S|CS|TAMS 0x0000000082200000| PB 0x0000000082200000| Complete 
|  35|0x0000000082300000, 0x0000000082400000, 0x0000000082400000|100%| S|CS|TAMS 0x0000000082300000| PB 0x0000000082300000| Complete 
|  36|0x0000000082400000, 0x0000000082400000, 0x0000000082500000|  0%| F|  |TAMS 0x0000000082400000| PB 0x0000000082400000| Untracked 
|  37|0x0000000082500000, 0x0000000082500000, 0x0000000082600000|  0%| F|  |TAMS 0x0000000082500000| PB 0x0000000082500000| Untracked 
|  38|0x0000000082600000, 0x0000000082600000, 0x0000000082700000|  0%| F|  |TAMS 0x0000000082600000| PB 0x0000000082600000| Untracked 
|  39|0x0000000082700000, 0x0000000082700000, 0x0000000082800000|  0%| F|  |TAMS 0x0000000082700000| PB 0x0000000082700000| Untracked 
|  40|0x0000000082800000, 0x0000000082800000, 0x0000000082900000|  0%| F|  |TAMS 0x0000000082800000| PB 0x0000000082800000| Untracked 
|  41|0x0000000082900000, 0x0000000082a00000, 0x0000000082a00000|100%| S|CS|TAMS 0x0000000082900000| PB 0x0000000082900000| Complete 
|  42|0x0000000082a00000, 0x0000000082b00000, 0x0000000082b00000|100%| S|CS|TAMS 0x0000000082a00000| PB 0x0000000082a00000| Complete 
|  43|0x0000000082b00000, 0x0000000082c00000, 0x0000000082c00000|100%| S|CS|TAMS 0x0000000082b00000| PB 0x0000000082b00000| Complete 
|  44|0x0000000082c00000, 0x0000000082c00000, 0x0000000082d00000|  0%| F|  |TAMS 0x0000000082c00000| PB 0x0000000082c00000| Untracked 
|  45|0x0000000082d00000, 0x0000000082d00000, 0x0000000082e00000|  0%| F|  |TAMS 0x0000000082d00000| PB 0x0000000082d00000| Untracked 
|  46|0x0000000082e00000, 0x0000000082e00000, 0x0000000082f00000|  0%| F|  |TAMS 0x0000000082e00000| PB 0x0000000082e00000| Untracked 
|  47|0x0000000082f00000, 0x0000000082f00000, 0x0000000083000000|  0%| F|  |TAMS 0x0000000082f00000| PB 0x0000000082f00000| Untracked 
|  48|0x0000000083000000, 0x0000000083000000, 0x0000000083100000|  0%| F|  |TAMS 0x0000000083000000| PB 0x0000000083000000| Untracked 
|  49|0x0000000083100000, 0x0000000083100000, 0x0000000083200000|  0%| F|  |TAMS 0x0000000083100000| PB 0x0000000083100000| Untracked 
|  50|0x0000000083200000, 0x0000000083200000, 0x0000000083300000|  0%| F|  |TAMS 0x0000000083200000| PB 0x0000000083200000| Untracked 
|  51|0x0000000083300000, 0x0000000083300000, 0x0000000083400000|  0%| F|  |TAMS 0x0000000083300000| PB 0x0000000083300000| Untracked 
|  52|0x0000000083400000, 0x0000000083400000, 0x0000000083500000|  0%| F|  |TAMS 0x0000000083400000| PB 0x0000000083400000| Untracked 
|  53|0x0000000083500000, 0x0000000083500000, 0x0000000083600000|  0%| F|  |TAMS 0x0000000083500000| PB 0x0000000083500000| Untracked 
|  54|0x0000000083600000, 0x0000000083600000, 0x0000000083700000|  0%| F|  |TAMS 0x0000000083600000| PB 0x0000000083600000| Untracked 
|  55|0x0000000083700000, 0x0000000083700000, 0x0000000083800000|  0%| F|  |TAMS 0x0000000083700000| PB 0x0000000083700000| Untracked 
|  56|0x0000000083800000, 0x0000000083800000, 0x0000000083900000|  0%| F|  |TAMS 0x0000000083800000| PB 0x0000000083800000| Untracked 
|  57|0x0000000083900000, 0x0000000083900000, 0x0000000083a00000|  0%| F|  |TAMS 0x0000000083900000| PB 0x0000000083900000| Untracked 
|  58|0x0000000083a00000, 0x0000000083a00000, 0x0000000083b00000|  0%| F|  |TAMS 0x0000000083a00000| PB 0x0000000083a00000| Untracked 
|  59|0x0000000083b00000, 0x0000000083b00000, 0x0000000083c00000|  0%| F|  |TAMS 0x0000000083b00000| PB 0x0000000083b00000| Untracked 
|  60|0x0000000083c00000, 0x0000000083c00000, 0x0000000083d00000|  0%| F|  |TAMS 0x0000000083c00000| PB 0x0000000083c00000| Untracked 
|  61|0x0000000083d00000, 0x0000000083d00000, 0x0000000083e00000|  0%| F|  |TAMS 0x0000000083d00000| PB 0x0000000083d00000| Untracked 
|  62|0x0000000083e00000, 0x0000000083e00000, 0x0000000083f00000|  0%| F|  |TAMS 0x0000000083e00000| PB 0x0000000083e00000| Untracked 
|  63|0x0000000083f00000, 0x0000000083f00000, 0x0000000084000000|  0%| F|  |TAMS 0x0000000083f00000| PB 0x0000000083f00000| Untracked 
|  64|0x0000000084000000, 0x0000000084000000, 0x0000000084100000|  0%| F|  |TAMS 0x0000000084000000| PB 0x0000000084000000| Untracked 
|  65|0x0000000084100000, 0x0000000084100000, 0x0000000084200000|  0%| F|  |TAMS 0x0000000084100000| PB 0x0000000084100000| Untracked 
|  66|0x0000000084200000, 0x0000000084200000, 0x0000000084300000|  0%| F|  |TAMS 0x0000000084200000| PB 0x0000000084200000| Untracked 
|  67|0x0000000084300000, 0x0000000084300000, 0x0000000084400000|  0%| F|  |TAMS 0x0000000084300000| PB 0x0000000084300000| Untracked 
|  68|0x0000000084400000, 0x0000000084400000, 0x0000000084500000|  0%| F|  |TAMS 0x0000000084400000| PB 0x0000000084400000| Untracked 
|  69|0x0000000084500000, 0x0000000084500000, 0x0000000084600000|  0%| F|  |TAMS 0x0000000084500000| PB 0x0000000084500000| Untracked 
|  70|0x0000000084600000, 0x0000000084600000, 0x0000000084700000|  0%| F|  |TAMS 0x0000000084600000| PB 0x0000000084600000| Untracked 
|  71|0x0000000084700000, 0x0000000084700000, 0x0000000084800000|  0%| F|  |TAMS 0x0000000084700000| PB 0x0000000084700000| Untracked 
|  72|0x0000000084800000, 0x0000000084800000, 0x0000000084900000|  0%| F|  |TAMS 0x0000000084800000| PB 0x0000000084800000| Untracked 
|  73|0x0000000084900000, 0x0000000084900000, 0x0000000084a00000|  0%| F|  |TAMS 0x0000000084900000| PB 0x0000000084900000| Untracked 
|  74|0x0000000084a00000, 0x0000000084a00000, 0x0000000084b00000|  0%| F|  |TAMS 0x0000000084a00000| PB 0x0000000084a00000| Untracked 
|  75|0x0000000084b00000, 0x0000000084b00000, 0x0000000084c00000|  0%| F|  |TAMS 0x0000000084b00000| PB 0x0000000084b00000| Untracked 
|  91|0x0000000085b00000, 0x0000000085b00000, 0x0000000085c00000|  0%| F|  |TAMS 0x0000000085b00000| PB 0x0000000085b00000| Untracked 
|  92|0x0000000085c00000, 0x0000000085c00000, 0x0000000085d00000|  0%| F|  |TAMS 0x0000000085c00000| PB 0x0000000085c00000| Untracked 
|  93|0x0000000085d00000, 0x0000000085d00000, 0x0000000085e00000|  0%| F|  |TAMS 0x0000000085d00000| PB 0x0000000085d00000| Untracked 
| 115|0x0000000087300000, 0x0000000087300000, 0x0000000087400000|  0%| F|  |TAMS 0x0000000087300000| PB 0x0000000087300000| Untracked 

Card table byte_map: [0x0000024b205e0000,0x0000024b209e0000] _byte_map_base: 0x0000024b201e0000

Marking Bits: (CMBitMap*) 0x0000024b0b78e640
 Bits: [0x0000024b209e0000, 0x0000024b229e0000)

Polling page: 0x0000024b0cfe0000

Metaspace:

Usage:
  Non-class:     41.02 MB used.
      Class:      6.37 MB used.
       Both:     47.40 MB used.

Virtual space:
  Non-class space:       64.00 MB reserved,      41.69 MB ( 65%) committed,  1 nodes.
      Class space:        1.00 GB reserved,       7.00 MB ( <1%) committed,  1 nodes.
             Both:        1.06 GB reserved,      48.69 MB (  4%) committed. 

Chunk freelists:
   Non-Class:  5.85 MB
       Class:  9.01 MB
        Both:  14.86 MB

MaxMetaspaceSize: unlimited
CompressedClassSpaceSize: 1.00 GB
Initial GC threshold: 21.00 MB
Current GC threshold: 59.38 MB
CDS: off
 - commit_granule_bytes: 65536.
 - commit_granule_words: 8192.
 - virtual_space_node_default_size: 8388608.
 - enlarge_chunks_in_place: 1.
 - use_allocation_guard: 0.


Internal statistics:

num_allocs_failed_limit: 9.
num_arena_births: 2444.
num_arena_deaths: 0.
num_vsnodes_births: 2.
num_vsnodes_deaths: 0.
num_space_committed: 779.
num_space_uncommitted: 0.
num_chunks_returned_to_freelist: 9.
num_chunks_taken_from_freelist: 4209.
num_chunk_merges: 9.
num_chunk_splits: 2748.
num_chunks_enlarged: 1702.
num_inconsistent_stats: 0.

CodeHeap 'non-profiled nmethods': size=119168Kb used=2221Kb max_used=2221Kb free=116946Kb
 bounds [0x0000024b18500000, 0x0000024b18770000, 0x0000024b1f960000]
CodeHeap 'profiled nmethods': size=119104Kb used=8735Kb max_used=8735Kb free=110369Kb
 bounds [0x0000024b10960000, 0x0000024b111f0000, 0x0000024b17db0000]
CodeHeap 'non-nmethods': size=7488Kb used=3590Kb max_used=3628Kb free=3897Kb
 bounds [0x0000024b17db0000, 0x0000024b18150000, 0x0000024b18500000]
 total_blobs=5026 nmethods=4333 adapters=593
 compilation: enabled
              stopped_count=0, restarted_count=0
 full_count=0

Compilation events (20 events):
Event: 5.269 Thread 0x0000024b2adca040 nmethod 4751 0x0000024b111e3290 code [0x0000024b111e3440, 0x0000024b111e3628]
Event: 5.269 Thread 0x0000024b25e1bab0 nmethod 4750 0x0000024b111e3710 code [0x0000024b111e39a0, 0x0000024b111e4840]
Event: 5.270 Thread 0x0000024b25c992b0 nmethod 4578 0x0000024b1872a290 code [0x0000024b1872a4a0, 0x0000024b1872ab70]
Event: 5.270 Thread 0x0000024b25c992b0 4478   !   4       java.net.URLClassLoader$1::run (81 bytes)
Event: 5.270 Thread 0x0000024b2adca040 4752       3       org.gradle.model.internal.asm.ClassVisitorScope::addGetter (18 bytes)
Event: 5.270 Thread 0x0000024b25e1bab0 4753       3       org.gradle.model.internal.asm.ClassVisitorScope$$Lambda/0x00000001002d6000::<init> (20 bytes)
Event: 5.270 Thread 0x0000024b25e7a840 4754       3       org.gradle.model.internal.asm.ClassVisitorScope$$Lambda/0x00000001002d6000::emit (17 bytes)
Event: 5.270 Thread 0x0000024b25c99bc0 4755       3       org.gradle.model.internal.asm.ClassVisitorScope::lambda$addGetter$0 (13 bytes)
Event: 5.270 Thread 0x0000024b25c99bc0 nmethod 4755 0x0000024b111e4c10 code [0x0000024b111e4dc0, 0x0000024b111e4f68]
Event: 5.270 Thread 0x0000024b25c99bc0 4756       3       org.gradle.model.internal.asm.ClassVisitorScope$1::<init> (38 bytes)
Event: 5.270 Thread 0x0000024b25e1bab0 nmethod 4753 0x0000024b111e5010 code [0x0000024b111e51c0, 0x0000024b111e5440]
Event: 5.270 Thread 0x0000024b25e7a840 nmethod 4754 0x0000024b111e5510 code [0x0000024b111e56c0, 0x0000024b111e5818]
Event: 5.271 Thread 0x0000024b2adca040 nmethod 4752 0x0000024b111e5910 code [0x0000024b111e5b20, 0x0000024b111e6300]
Event: 5.271 Thread 0x0000024b25c99bc0 nmethod 4756 0x0000024b111e6590 code [0x0000024b111e67a0, 0x0000024b111e6e88]
Event: 5.274 Thread 0x0000024b25e1bab0 4758       3       org.gradle.internal.instantiation.generator.AsmBackedClassGenerator::access$9400 (4 bytes)
Event: 5.274 Thread 0x0000024b25c99bc0 4759       3       java.lang.invoke.MethodHandles$Lookup::getDirectConstructorNoSecurityManager (10 bytes)
Event: 5.274 Thread 0x0000024b25e1bab0 nmethod 4758 0x0000024b111e7110 code [0x0000024b111e72a0, 0x0000024b111e7398]
Event: 5.274 Thread 0x0000024b25c99bc0 nmethod 4759 0x0000024b111e7410 code [0x0000024b111e75c0, 0x0000024b111e7700]
Event: 5.274 Thread 0x0000024b25e1bab0 4760       3       java.util.TreeSet::add (22 bytes)
Event: 5.274 Thread 0x0000024b25e1bab0 nmethod 4760 0x0000024b111e7790 code [0x0000024b111e7940, 0x0000024b111e7b78]

GC Heap History (19 events):
Event: 0.511 GC heap before
{Heap before GC invocations=0 (full 0):
 garbage-first heap   total 118784K, used 22528K [0x0000000080000000, 0x0000000100000000)
  region size 1024K, 23 young (23552K), 0 survivors (0K)
 Metaspace       used 7992K, committed 8128K, reserved 1114112K
  class space    used 709K, committed 768K, reserved 1048576K
}
Event: 0.515 GC heap after
{Heap after GC invocations=1 (full 0):
 garbage-first heap   total 118784K, used 4096K [0x0000000080000000, 0x0000000100000000)
  region size 1024K, 3 young (3072K), 3 survivors (3072K)
 Metaspace       used 7992K, committed 8128K, reserved 1114112K
  class space    used 709K, committed 768K, reserved 1048576K
}
Event: 1.362 GC heap before
{Heap before GC invocations=1 (full 0):
 garbage-first heap   total 118784K, used 41984K [0x0000000080000000, 0x0000000100000000)
  region size 1024K, 36 young (36864K), 3 survivors (3072K)
 Metaspace       used 12230K, committed 12480K, reserved 1114112K
  class space    used 1277K, committed 1408K, reserved 1048576K
}
Event: 1.370 GC heap after
{Heap after GC invocations=2 (full 0):
 garbage-first heap   total 118784K, used 11893K [0x0000000080000000, 0x0000000100000000)
  region size 1024K, 4 young (4096K), 4 survivors (4096K)
 Metaspace       used 12230K, committed 12480K, reserved 1114112K
  class space    used 1277K, committed 1408K, reserved 1048576K
}
Event: 2.007 GC heap before
{Heap before GC invocations=2 (full 0):
 garbage-first heap   total 118784K, used 58997K [0x0000000080000000, 0x0000000100000000)
  region size 1024K, 49 young (50176K), 4 survivors (4096K)
 Metaspace       used 14380K, committed 14656K, reserved 1114112K
  class space    used 1567K, committed 1728K, reserved 1048576K
}
Event: 2.016 GC heap after
{Heap after GC invocations=3 (full 0):
 garbage-first heap   total 118784K, used 18860K [0x0000000080000000, 0x0000000100000000)
  region size 1024K, 6 young (6144K), 6 survivors (6144K)
 Metaspace       used 14380K, committed 14656K, reserved 1114112K
  class space    used 1567K, committed 1728K, reserved 1048576K
}
Event: 2.641 GC heap before
{Heap before GC invocations=3 (full 0):
 garbage-first heap   total 118784K, used 40364K [0x0000000080000000, 0x0000000100000000)
  region size 1024K, 28 young (28672K), 6 survivors (6144K)
 Metaspace       used 21192K, committed 21504K, reserved 1114112K
  class space    used 2436K, committed 2624K, reserved 1048576K
}
Event: 2.645 GC heap after
{Heap after GC invocations=4 (full 0):
 garbage-first heap   total 118784K, used 21913K [0x0000000080000000, 0x0000000100000000)
  region size 1024K, 3 young (3072K), 3 survivors (3072K)
 Metaspace       used 21192K, committed 21504K, reserved 1114112K
  class space    used 2436K, committed 2624K, reserved 1048576K
}
Event: 3.536 GC heap before
{Heap before GC invocations=5 (full 0):
 garbage-first heap   total 75776K, used 74137K [0x0000000080000000, 0x0000000100000000)
  region size 1024K, 55 young (56320K), 3 survivors (3072K)
 Metaspace       used 29726K, committed 30400K, reserved 1114112K
  class space    used 3796K, committed 4096K, reserved 1048576K
}
Event: 3.541 GC heap after
{Heap after GC invocations=6 (full 0):
 garbage-first heap   total 81920K, used 24767K [0x0000000080000000, 0x0000000100000000)
  region size 1024K, 6 young (6144K), 6 survivors (6144K)
 Metaspace       used 29726K, committed 30400K, reserved 1114112K
  class space    used 3796K, committed 4096K, reserved 1048576K
}
Event: 4.153 GC heap before
{Heap before GC invocations=6 (full 0):
 garbage-first heap   total 81920K, used 62655K [0x0000000080000000, 0x0000000100000000)
  region size 1024K, 44 young (45056K), 6 survivors (6144K)
 Metaspace       used 35165K, committed 35968K, reserved 1114112K
  class space    used 4694K, committed 5120K, reserved 1048576K
}
Event: 4.157 GC heap after
{Heap after GC invocations=7 (full 0):
 garbage-first heap   total 81920K, used 26844K [0x0000000080000000, 0x0000000100000000)
  region size 1024K, 6 young (6144K), 6 survivors (6144K)
 Metaspace       used 35165K, committed 35968K, reserved 1114112K
  class space    used 4694K, committed 5120K, reserved 1048576K
}
Event: 4.228 GC heap before
{Heap before GC invocations=7 (full 0):
 garbage-first heap   total 81920K, used 28892K [0x0000000080000000, 0x0000000100000000)
  region size 1024K, 10 young (10240K), 6 survivors (6144K)
 Metaspace       used 35489K, committed 36288K, reserved 1114112K
  class space    used 4752K, committed 5184K, reserved 1048576K
}
Event: 4.231 GC heap after
{Heap after GC invocations=8 (full 0):
 garbage-first heap   total 81920K, used 27683K [0x0000000080000000, 0x0000000100000000)
  region size 1024K, 4 young (4096K), 4 survivors (4096K)
 Metaspace       used 35489K, committed 36288K, reserved 1114112K
  class space    used 4752K, committed 5184K, reserved 1048576K
}
Event: 4.641 GC heap before
{Heap before GC invocations=9 (full 0):
 garbage-first heap   total 81920K, used 68643K [0x0000000080000000, 0x0000000100000000)
  region size 1024K, 44 young (45056K), 4 survivors (4096K)
 Metaspace       used 41427K, committed 42496K, reserved 1114112K
  class space    used 5606K, committed 6144K, reserved 1048576K
}
Event: 4.644 GC heap after
{Heap after GC invocations=10 (full 0):
 garbage-first heap   total 81920K, used 30217K [0x0000000080000000, 0x0000000100000000)
  region size 1024K, 6 young (6144K), 6 survivors (6144K)
 Metaspace       used 41427K, committed 42496K, reserved 1114112K
  class space    used 5606K, committed 6144K, reserved 1048576K
}
Event: 4.965 GC heap before
{Heap before GC invocations=10 (full 0):
 garbage-first heap   total 81920K, used 69129K [0x0000000080000000, 0x0000000100000000)
  region size 1024K, 45 young (46080K), 6 survivors (6144K)
 Metaspace       used 46500K, committed 47744K, reserved 1114112K
  class space    used 6192K, committed 6784K, reserved 1048576K
}
Event: 4.973 GC heap after
{Heap after GC invocations=11 (full 0):
 garbage-first heap   total 81920K, used 33320K [0x0000000080000000, 0x0000000100000000)
  region size 1024K, 6 young (6144K), 6 survivors (6144K)
 Metaspace       used 46500K, committed 47744K, reserved 1114112K
  class space    used 6192K, committed 6784K, reserved 1048576K
}
Event: 5.278 GC heap before
{Heap before GC invocations=11 (full 0):
 garbage-first heap   total 81920K, used 70184K [0x0000000080000000, 0x0000000100000000)
  region size 1024K, 42 young (43008K), 6 survivors (6144K)
 Metaspace       used 48532K, committed 49856K, reserved 1114112K
  class space    used 6523K, committed 7168K, reserved 1048576K
}

Dll operation events (3 events):
Event: 0.009 Loaded shared library C:\Program Files\Android\Android Studio\jbr\bin\java.dll
Event: 0.015 Loaded shared library C:\Program Files\Android\Android Studio\jbr\bin\zip.dll
Event: 0.783 Loaded shared library C:\Program Files\Android\Android Studio\jbr\bin\verify.dll

Deoptimization events (20 events):
Event: 5.214 Thread 0x0000024b2bea03d0 Uncommon trap: trap_request=0xffffffde fr.pc=0x0000024b18717260 relative=0x00000000000041c0
Event: 5.214 Thread 0x0000024b2bea03d0 Uncommon trap: reason=class_check action=maybe_recompile pc=0x0000024b18717260 method=jdk.internal.loader.URLClassPath.getResource(Ljava/lang/String;Z)Ljdk/internal/loader/Resource; @ 53 c2
Event: 5.214 Thread 0x0000024b2bea03d0 DEOPT PACKING pc=0x0000024b18717260 sp=0x000000cf72ef9cf0
Event: 5.214 Thread 0x0000024b2bea03d0 DEOPT UNPACKING pc=0x0000024b17e046a2 sp=0x000000cf72ef9c78 mode 2
Event: 5.216 Thread 0x0000024b2bea03d0 Uncommon trap: trap_request=0xffffff45 fr.pc=0x0000024b186b48bc relative=0x00000000000008bc
Event: 5.216 Thread 0x0000024b2bea03d0 Uncommon trap: reason=unstable_if action=reinterpret pc=0x0000024b186b48bc method=java.lang.Class.getPackageName()Ljava/lang/String; @ 55 c2
Event: 5.216 Thread 0x0000024b2bea03d0 DEOPT PACKING pc=0x0000024b186b48bc sp=0x000000cf72ef99a0
Event: 5.216 Thread 0x0000024b2bea03d0 DEOPT UNPACKING pc=0x0000024b17e046a2 sp=0x000000cf72ef9970 mode 2
Event: 5.231 Thread 0x0000024b2bea03d0 Uncommon trap: trap_request=0xffffff45 fr.pc=0x0000024b1852cec0 relative=0x0000000000000a00
Event: 5.231 Thread 0x0000024b2bea03d0 Uncommon trap: reason=unstable_if action=reinterpret pc=0x0000024b1852cec0 method=org.objectweb.asm.Frame.push(I)V @ 26 c2
Event: 5.231 Thread 0x0000024b2bea03d0 DEOPT PACKING pc=0x0000024b1852cec0 sp=0x000000cf72ef8960
Event: 5.232 Thread 0x0000024b2bea03d0 DEOPT UNPACKING pc=0x0000024b17e046a2 sp=0x000000cf72ef8868 mode 2
Event: 5.246 Thread 0x0000024b2bea03d0 Uncommon trap: trap_request=0xffffff45 fr.pc=0x0000024b1851e498 relative=0x0000000000000578
Event: 5.246 Thread 0x0000024b2bea03d0 Uncommon trap: reason=unstable_if action=reinterpret pc=0x0000024b1851e498 method=java.lang.invoke.InvokerBytecodeGenerator.storeInsnOpcode(Ljava/lang/invoke/LambdaForm$BasicType;)I @ 8 c2
Event: 5.246 Thread 0x0000024b2bea03d0 DEOPT PACKING pc=0x0000024b1851e498 sp=0x000000cf72ef74f0
Event: 5.246 Thread 0x0000024b2bea03d0 DEOPT UNPACKING pc=0x0000024b17e046a2 sp=0x000000cf72ef7438 mode 2
Event: 5.246 Thread 0x0000024b2bea03d0 Uncommon trap: trap_request=0xffffff3d fr.pc=0x0000024b185bc9f0 relative=0x0000000000000c70
Event: 5.246 Thread 0x0000024b2bea03d0 Uncommon trap: reason=unstable_fused_if action=reinterpret pc=0x0000024b185bc9f0 method=org.objectweb.asm.ByteVector.putUTF8(Ljava/lang/String;)Lorg/objectweb/asm/ByteVector; @ 93 c2
Event: 5.246 Thread 0x0000024b2bea03d0 DEOPT PACKING pc=0x0000024b185bc9f0 sp=0x000000cf72ef7eb0
Event: 5.246 Thread 0x0000024b2bea03d0 DEOPT UNPACKING pc=0x0000024b17e046a2 sp=0x000000cf72ef7e08 mode 2

Classes loaded (20 events):
Event: 4.901 Loading class java/lang/ThreadLocal$SuppliedThreadLocal
Event: 4.902 Loading class java/lang/ThreadLocal$SuppliedThreadLocal done
Event: 4.913 Loading class sun/nio/fs/WindowsPath$1
Event: 4.913 Loading class sun/nio/fs/WindowsPath$1 done
Event: 4.913 Loading class sun/nio/fs/WindowsException
Event: 4.913 Loading class sun/nio/fs/WindowsException done
Event: 4.932 Loading class java/util/Collections$SynchronizedRandomAccessList
Event: 4.932 Loading class java/util/Collections$SynchronizedList
Event: 4.933 Loading class java/util/Collections$SynchronizedList done
Event: 4.933 Loading class java/util/Collections$SynchronizedRandomAccessList done
Event: 4.951 Loading class java/util/regex/Pattern$Pos
Event: 4.952 Loading class java/util/regex/Pattern$Pos done
Event: 5.073 Loading class java/nio/charset/CharacterCodingException
Event: 5.074 Loading class java/nio/charset/CharacterCodingException done
Event: 5.181 Loading class java/util/stream/Streams$RangeIntSpliterator
Event: 5.181 Loading class java/util/stream/Streams$RangeIntSpliterator done
Event: 5.206 Loading class jdk/internal/loader/URLClassPath$FileLoader
Event: 5.206 Loading class jdk/internal/loader/URLClassPath$FileLoader done
Event: 5.214 Loading class jdk/internal/loader/URLClassPath$FileLoader$1
Event: 5.214 Loading class jdk/internal/loader/URLClassPath$FileLoader$1 done

Classes unloaded (0 events):
No events

Classes redefined (0 events):
No events

Internal exceptions (20 events):
Event: 4.939 Thread 0x0000024b2bea03d0 Exception <a 'java/lang/NoSuchMethodError'{0x0000000082bb3280}: 'java.lang.Object java.lang.invoke.Invokers$Holder.invoker(java.lang.Object, java.lang.Object, java.lang.Object, java.lang.Object, java.lang.Object)'> (0x0000000082bb3280) 
thrown [s\src\hotspot\share\interpreter\linkResolver.cpp, line 784]
Event: 4.941 Thread 0x0000024b2bea03d0 Exception <a 'java/lang/NoSuchMethodError'{0x0000000082bd3210}: 'java.lang.Object java.lang.invoke.Invokers$Holder.invoker(java.lang.Object, java.lang.Object, java.lang.Object, java.lang.Object, java.lang.Object, java.lang.Object, java.lang.Object, java.lang.Object, java.lang.Object, java.lang.Object, java.lang.Object, java.lang.Object, java.lang.Object, java.lang.Object, java.lang.Object, java.lang.Object, java.lang.Object, java.lang.Object, java.lang.Object, java.lang.Object, java.lang.Object, java.lang.
Event: 4.942 Thread 0x0000024b2bea03d0 Exception <a 'java/lang/NoSuchMethodError'{0x0000000082bd97d0}: 'java.lang.Object java.lang.invoke.DelegatingMethodHandle$Holder.delegate(java.lang.Object, java.lang.Object, java.lang.Object, java.lang.Object, java.lang.Object, java.lang.Object, java.lang.Object, java.lang.Object, java.lang.Object, java.lang.Object, java.lang.Object, java.lang.Object, java.lang.Object, java.lang.Object, java.lang.Object, java.lang.Object, java.lang.Object, java.lang.Object, java.lang.Object, java.lang.Object, java.lang.Obj
Event: 5.043 Thread 0x0000024b2bea03d0 Exception <a 'java/lang/IncompatibleClassChangeError'{0x000000008380a128}: Found class java.lang.Object, but interface was expected> (0x000000008380a128) 
thrown [s\src\hotspot\share\interpreter\linkResolver.cpp, line 851]
Event: 5.053 Thread 0x0000024b2bea03d0 Exception <a 'java/lang/NoSuchMethodError'{0x00000000838b8f28}: 'java.lang.Object java.lang.invoke.DirectMethodHandle$Holder.newInvokeSpecial(java.lang.Object, java.lang.Object, long)'> (0x00000000838b8f28) 
thrown [s\src\hotspot\share\interpreter\linkResolver.cpp, line 784]
Event: 5.054 Thread 0x0000024b2bea03d0 Exception <a 'java/lang/NoSuchMethodError'{0x00000000838bd550}: 'java.lang.Object java.lang.invoke.Invokers$Holder.linkToTargetMethod(java.lang.Object, long, java.lang.Object)'> (0x00000000838bd550) 
thrown [s\src\hotspot\share\interpreter\linkResolver.cpp, line 784]
Event: 5.069 Thread 0x0000024b2be9dc70 Implicit null exception at 0x0000024b1857bbcf to 0x0000024b1857bf64
Event: 5.081 Thread 0x0000024b2bea03d0 Exception <a 'java/lang/NoSuchMethodError'{0x0000000083651c30}: 'int java.lang.invoke.DirectMethodHandle$Holder.invokeInterface(java.lang.Object, java.lang.Object)'> (0x0000000083651c30) 
thrown [s\src\hotspot\share\interpreter\linkResolver.cpp, line 784]
Event: 5.180 Thread 0x0000024b2bea03d0 Exception <a 'java/lang/NoSuchMethodError'{0x0000000083362e28}: 'java.lang.Object java.lang.invoke.DirectMethodHandle$Holder.invokeVirtual(java.lang.Object, java.lang.Object, int)'> (0x0000000083362e28) 
thrown [s\src\hotspot\share\interpreter\linkResolver.cpp, line 784]
Event: 5.203 Thread 0x0000024b2bea03d0 Exception <a 'java/lang/NoSuchMethodError'{0x00000000832c0cb8}: 'void java.lang.invoke.DirectMethodHandle$Holder.invokeInterface(java.lang.Object, java.lang.Object, java.lang.Object, java.lang.Object, java.lang.Object, java.lang.Object, java.lang.Object)'> (0x00000000832c0cb8) 
thrown [s\src\hotspot\share\interpreter\linkResolver.cpp, line 784]
Event: 5.204 Thread 0x0000024b2bea03d0 Exception <a 'java/lang/NoSuchMethodError'{0x00000000832c55d0}: 'void java.lang.invoke.DelegatingMethodHandle$Holder.reinvoke_L(java.lang.Object, java.lang.Object, java.lang.Object, java.lang.Object, java.lang.Object, java.lang.Object, java.lang.Object)'> (0x00000000832c55d0) 
thrown [s\src\hotspot\share\interpreter\linkResolver.cpp, line 784]
Event: 5.226 Thread 0x0000024b2bea03d0 Exception <a 'java/lang/NoSuchMethodError'{0x00000000831f8d60}: 'java.lang.Object java.lang.invoke.DirectMethodHandle$Holder.invokeVirtual(java.lang.Object, java.lang.Object, java.lang.Object, java.lang.Object, java.lang.Object, java.lang.Object, java.lang.Object, java.lang.Object, java.lang.Object, java.lang.Object, java.lang.Object, java.lang.Object, java.lang.Object, java.lang.Object, java.lang.Object)'> (0x00000000831f8d60) 
thrown [s\src\hotspot\share\interpreter\linkResolver.cpp, line 784]
Event: 5.226 Thread 0x0000024b2bea03d0 Exception <a 'java/lang/NoSuchMethodError'{0x00000000831fe990}: 'java.lang.Object java.lang.invoke.DirectMethodHandle$Holder.invokeSpecial(java.lang.Object, java.lang.Object, java.lang.Object, java.lang.Object, java.lang.Object, java.lang.Object, java.lang.Object, java.lang.Object, java.lang.Object, java.lang.Object, java.lang.Object, java.lang.Object, java.lang.Object, java.lang.Object, java.lang.Object, java.lang.Object)'> (0x00000000831fe990) 
thrown [s\src\hotspot\share\interpreter\linkResolver.cpp, li
Event: 5.226 Thread 0x0000024b2bea03d0 Exception <a 'java/lang/NoSuchMethodError'{0x00000000830040c0}: 'java.lang.Object java.lang.invoke.DelegatingMethodHandle$Holder.reinvoke_L(java.lang.Object, java.lang.Object, java.lang.Object, java.lang.Object, java.lang.Object, java.lang.Object, java.lang.Object, java.lang.Object, java.lang.Object, java.lang.Object, java.lang.Object, java.lang.Object, java.lang.Object, java.lang.Object, java.lang.Object)'> (0x00000000830040c0) 
thrown [s\src\hotspot\share\interpreter\linkResolver.cpp, line 784]
Event: 5.232 Thread 0x0000024b2bea03d0 Exception <a 'java/lang/NoSuchMethodError'{0x00000000830db800}: 'java.lang.Object java.lang.invoke.DirectMethodHandle$Holder.newInvokeSpecial(java.lang.Object, java.lang.Object, java.lang.Object, java.lang.Object, java.lang.Object, java.lang.Object, java.lang.Object, java.lang.Object, java.lang.Object, java.lang.Object, java.lang.Object, java.lang.Object, java.lang.Object)'> (0x00000000830db800) 
thrown [s\src\hotspot\share\interpreter\linkResolver.cpp, line 784]
Event: 5.233 Thread 0x0000024b2bea03d0 Exception <a 'java/lang/NoSuchMethodError'{0x00000000830e1480}: 'java.lang.Object java.lang.invoke.DirectMethodHandle$Holder.invokeSpecial(java.lang.Object, java.lang.Object, java.lang.Object, java.lang.Object, java.lang.Object, java.lang.Object, java.lang.Object, java.lang.Object, java.lang.Object, java.lang.Object, java.lang.Object, java.lang.Object, java.lang.Object, java.lang.Object)'> (0x00000000830e1480) 
thrown [s\src\hotspot\share\interpreter\linkResolver.cpp, line 784]
Event: 5.233 Thread 0x0000024b2bea03d0 Exception <a 'java/lang/NoSuchMethodError'{0x00000000830e6410}: 'java.lang.Object java.lang.invoke.DelegatingMethodHandle$Holder.reinvoke_L(java.lang.Object, java.lang.Object, java.lang.Object, java.lang.Object, java.lang.Object, java.lang.Object, java.lang.Object, java.lang.Object, java.lang.Object, java.lang.Object, java.lang.Object, java.lang.Object, java.lang.Object)'> (0x00000000830e6410) 
thrown [s\src\hotspot\share\interpreter\linkResolver.cpp, line 784]
Event: 5.267 Thread 0x0000024b2bea03d0 Exception <a 'java/lang/NoSuchMethodError'{0x0000000082c00c48}: 'java.lang.Object java.lang.invoke.DirectMethodHandle$Holder.newInvokeSpecial(java.lang.Object, java.lang.Object, java.lang.Object, java.lang.Object, int)'> (0x0000000082c00c48) 
thrown [s\src\hotspot\share\interpreter\linkResolver.cpp, line 784]
Event: 5.268 Thread 0x0000024b2bea03d0 Exception <a 'java/lang/NoSuchMethodError'{0x0000000082c05c40}: 'java.lang.Object java.lang.invoke.DirectMethodHandle$Holder.invokeSpecial(java.lang.Object, java.lang.Object, java.lang.Object, java.lang.Object, java.lang.Object, int)'> (0x0000000082c05c40) 
thrown [s\src\hotspot\share\interpreter\linkResolver.cpp, line 784]
Event: 5.268 Thread 0x0000024b2bea03d0 Exception <a 'java/lang/NoSuchMethodError'{0x0000000082c0a3c0}: 'java.lang.Object java.lang.invoke.Invokers$Holder.linkToTargetMethod(java.lang.Object, java.lang.Object, java.lang.Object, int, java.lang.Object)'> (0x0000000082c0a3c0) 
thrown [s\src\hotspot\share\interpreter\linkResolver.cpp, line 784]

ZGC Phase Switch (0 events):
No events

VM Operations (20 events):
Event: 4.680 Executing VM operation: HandshakeAllThreads (Deoptimize) done
Event: 4.785 Executing VM operation: HandshakeAllThreads (Deoptimize)
Event: 4.785 Executing VM operation: HandshakeAllThreads (Deoptimize) done
Event: 4.785 Executing VM operation: HandshakeAllThreads (Deoptimize)
Event: 4.785 Executing VM operation: HandshakeAllThreads (Deoptimize) done
Event: 4.788 Executing VM operation: HandshakeAllThreads (Deoptimize)
Event: 4.788 Executing VM operation: HandshakeAllThreads (Deoptimize) done
Event: 4.841 Executing VM operation: HandshakeAllThreads (Deoptimize)
Event: 4.841 Executing VM operation: HandshakeAllThreads (Deoptimize) done
Event: 4.894 Executing VM operation: ICBufferFull
Event: 4.894 Executing VM operation: ICBufferFull done
Event: 4.965 Executing VM operation: G1CollectForAllocation (G1 Evacuation Pause)
Event: 4.973 Executing VM operation: G1CollectForAllocation (G1 Evacuation Pause) done
Event: 5.045 Executing VM operation: HandshakeAllThreads (Deoptimize)
Event: 5.045 Executing VM operation: HandshakeAllThreads (Deoptimize) done
Event: 5.067 Executing VM operation: HandshakeAllThreads (Deoptimize)
Event: 5.067 Executing VM operation: HandshakeAllThreads (Deoptimize) done
Event: 5.261 Executing VM operation: HandshakeAllThreads (Deoptimize)
Event: 5.261 Executing VM operation: HandshakeAllThreads (Deoptimize) done
Event: 5.278 Executing VM operation: G1CollectForAllocation (G1 Evacuation Pause)

Memory protections (0 events):
No events

Nmethod flushes (20 events):
Event: 4.238 Thread 0x0000024b25c0c800 flushing  nmethod 0x0000024b10dafd10
Event: 4.238 Thread 0x0000024b25c0c800 flushing  nmethod 0x0000024b10e16710
Event: 4.238 Thread 0x0000024b25c0c800 flushing  nmethod 0x0000024b10e16c10
Event: 4.238 Thread 0x0000024b25c0c800 flushing  nmethod 0x0000024b10e17110
Event: 4.238 Thread 0x0000024b25c0c800 flushing  nmethod 0x0000024b10e17810
Event: 4.238 Thread 0x0000024b25c0c800 flushing  nmethod 0x0000024b18550c90
Event: 4.238 Thread 0x0000024b25c0c800 flushing  nmethod 0x0000024b18553910
Event: 4.238 Thread 0x0000024b25c0c800 flushing  nmethod 0x0000024b18559790
Event: 4.238 Thread 0x0000024b25c0c800 flushing  nmethod 0x0000024b10a6bd10
Event: 4.238 Thread 0x0000024b25c0c800 flushing  nmethod 0x0000024b10a74910
Event: 4.238 Thread 0x0000024b25c0c800 flushing  nmethod 0x0000024b10a74d10
Event: 4.238 Thread 0x0000024b25c0c800 flushing  nmethod 0x0000024b10a7d110
Event: 4.238 Thread 0x0000024b25c0c800 flushing  nmethod 0x0000024b10b3e810
Event: 4.238 Thread 0x0000024b25c0c800 flushing  nmethod 0x0000024b10b3f490
Event: 4.238 Thread 0x0000024b25c0c800 flushing  nmethod 0x0000024b10b3fc90
Event: 4.238 Thread 0x0000024b25c0c800 flushing  nmethod 0x0000024b10ba4590
Event: 4.238 Thread 0x0000024b25c0c800 flushing  nmethod 0x0000024b10bbfc10
Event: 4.238 Thread 0x0000024b25c0c800 flushing  nmethod 0x0000024b10bc0090
Event: 4.238 Thread 0x0000024b25c0c800 flushing  nmethod 0x0000024b10bc6090
Event: 4.238 Thread 0x0000024b25c0c800 flushing  nmethod 0x0000024b10daa310

Events (20 events):
Event: 2.389 Thread 0x0000024b0d820600 Thread added: 0x0000024b2bcdfc50
Event: 2.487 Thread 0x0000024b0d820600 Thread added: 0x0000024b2bef9560
Event: 2.536 Thread 0x0000024b2bcdfc50 Thread added: 0x0000024b2bed1110
Event: 2.540 Thread 0x0000024b2bed1110 Thread added: 0x0000024b2c084040
Event: 2.569 Thread 0x0000024b2bed1110 Thread added: 0x0000024b2be9f020
Event: 2.575 Thread 0x0000024b2bed1110 Thread added: 0x0000024b2bea03d0
Event: 2.583 Thread 0x0000024b2bea03d0 Thread added: 0x0000024b2be9fd40
Event: 2.588 Thread 0x0000024b2bea03d0 Thread added: 0x0000024b2be9e300
Event: 2.590 Thread 0x0000024b2bea03d0 Thread added: 0x0000024b2be9cf50
Event: 2.974 Thread 0x0000024b2bea03d0 Thread added: 0x0000024b2be9d5e0
Event: 2.984 Thread 0x0000024b2bea03d0 Thread added: 0x0000024b2be9f6b0
Event: 3.012 Thread 0x0000024b2bea03d0 Thread added: 0x0000024b2be9dc70
Event: 3.778 Thread 0x0000024b2bea03d0 Thread added: 0x0000024b2dc90de0
Event: 3.789 Thread 0x0000024b2bea03d0 Thread added: 0x0000024b2dc91470
Event: 3.969 Thread 0x0000024b2bea03d0 Thread added: 0x0000024b2dc8cc40
Event: 3.974 Thread 0x0000024b2bea03d0 Thread added: 0x0000024b2dc8d960
Event: 4.270 Thread 0x0000024b2bea03d0 Thread added: 0x0000024b2dc93540
Event: 4.293 Thread 0x0000024b2bea03d0 Thread added: 0x0000024b2dc8fa30
Event: 4.385 Thread 0x0000024b2bea03d0 Thread added: 0x0000024b2dc93bd0
Event: 4.455 Thread 0x0000024b2bea03d0 Thread added: 0x0000024b2dc8f3a0


Dynamic libraries:
0x00007ff7c24c0000 - 0x00007ff7c24ca000 	C:\Program Files\Android\Android Studio\jbr\bin\java.exe
0x00007ffc49f70000 - 0x00007ffc4a187000 	C:\WINDOWS\SYSTEM32\ntdll.dll
0x00007ffc48d60000 - 0x00007ffc48e24000 	C:\WINDOWS\System32\KERNEL32.DLL
0x00007ffc47480000 - 0x00007ffc47851000 	C:\WINDOWS\System32\KERNELBASE.dll
0x00007ffc47360000 - 0x00007ffc47471000 	C:\WINDOWS\System32\ucrtbase.dll
0x00007ffc42e40000 - 0x00007ffc42e5b000 	C:\Program Files\Android\Android Studio\jbr\bin\VCRUNTIME140.dll
0x00007ffc3d6c0000 - 0x00007ffc3d6d8000 	C:\Program Files\Android\Android Studio\jbr\bin\jli.dll
0x00007ffc495e0000 - 0x00007ffc49791000 	C:\WINDOWS\System32\USER32.dll
0x00007ffc34680000 - 0x00007ffc34912000 	C:\WINDOWS\WinSxS\amd64_microsoft.windows.common-controls_6595b64144ccf1df_6.0.22621.4830_none_270fe7d773858e80\COMCTL32.dll
0x00007ffc47980000 - 0x00007ffc479a6000 	C:\WINDOWS\System32\win32u.dll
0x00007ffc49e80000 - 0x00007ffc49f27000 	C:\WINDOWS\System32\msvcrt.dll
0x00007ffc487c0000 - 0x00007ffc487e9000 	C:\WINDOWS\System32\GDI32.dll
0x00007ffc479b0000 - 0x00007ffc47acb000 	C:\WINDOWS\System32\gdi32full.dll
0x00007ffc47860000 - 0x00007ffc478fa000 	C:\WINDOWS\System32\msvcp_win.dll
0x00007ffc48ab0000 - 0x00007ffc48ae1000 	C:\WINDOWS\System32\IMM32.DLL
0x00007ffc43d60000 - 0x00007ffc43d6c000 	C:\Program Files\Android\Android Studio\jbr\bin\vcruntime140_1.dll
0x00007ffc35dc0000 - 0x00007ffc35e4d000 	C:\Program Files\Android\Android Studio\jbr\bin\msvcp140.dll
0x00007ffb99120000 - 0x00007ffb99da3000 	C:\Program Files\Android\Android Studio\jbr\bin\server\jvm.dll
0x00007ffc48af0000 - 0x00007ffc48ba1000 	C:\WINDOWS\System32\ADVAPI32.dll
0x00007ffc49880000 - 0x00007ffc49927000 	C:\WINDOWS\System32\sechost.dll
0x00007ffc470b0000 - 0x00007ffc470d8000 	C:\WINDOWS\System32\bcrypt.dll
0x00007ffc48980000 - 0x00007ffc48a94000 	C:\WINDOWS\System32\RPCRT4.dll
0x00007ffc487f0000 - 0x00007ffc48861000 	C:\WINDOWS\System32\WS2_32.dll
0x00007ffc45f60000 - 0x00007ffc45fad000 	C:\WINDOWS\SYSTEM32\POWRPROF.dll
0x00007ffc42a40000 - 0x00007ffc42a4a000 	C:\WINDOWS\SYSTEM32\VERSION.dll
0x00007ffc42cf0000 - 0x00007ffc42d24000 	C:\WINDOWS\SYSTEM32\WINMM.dll
0x00007ffc45f40000 - 0x00007ffc45f53000 	C:\WINDOWS\SYSTEM32\UMPDC.dll
0x00007ffc461f0000 - 0x00007ffc46208000 	C:\WINDOWS\SYSTEM32\kernel.appcore.dll
0x00007ffc43d10000 - 0x00007ffc43d1a000 	C:\Program Files\Android\Android Studio\jbr\bin\jimage.dll
0x00007ffc41980000 - 0x00007ffc41bb2000 	C:\WINDOWS\SYSTEM32\DBGHELP.DLL
0x00007ffc49a90000 - 0x00007ffc49e20000 	C:\WINDOWS\System32\combase.dll
0x00007ffc497a0000 - 0x00007ffc49877000 	C:\WINDOWS\System32\OLEAUT32.dll
0x00007ffc3ddb0000 - 0x00007ffc3dde2000 	C:\WINDOWS\SYSTEM32\dbgcore.DLL
0x00007ffc470e0000 - 0x00007ffc4715b000 	C:\WINDOWS\System32\bcryptPrimitives.dll
0x00007ffc43de0000 - 0x00007ffc43dee000 	C:\Program Files\Android\Android Studio\jbr\bin\instrument.dll
0x00007ffc3f9c0000 - 0x00007ffc3f9e0000 	C:\Program Files\Android\Android Studio\jbr\bin\java.dll
0x00007ffc3f6e0000 - 0x00007ffc3f6f8000 	C:\Program Files\Android\Android Studio\jbr\bin\zip.dll
0x00007ffc47c40000 - 0x00007ffc484c8000 	C:\WINDOWS\System32\SHELL32.dll
0x00007ffc47160000 - 0x00007ffc4729f000 	C:\WINDOWS\System32\wintypes.dll
0x00007ffc45020000 - 0x00007ffc4592d000 	C:\WINDOWS\SYSTEM32\windows.storage.dll
0x00007ffc48e30000 - 0x00007ffc48f3a000 	C:\WINDOWS\System32\SHCORE.dll
0x00007ffc484e0000 - 0x00007ffc4853e000 	C:\WINDOWS\System32\shlwapi.dll
0x00007ffc46fe0000 - 0x00007ffc4700b000 	C:\WINDOWS\SYSTEM32\profapi.dll
0x00007ffc416c0000 - 0x00007ffc416d0000 	C:\Program Files\Android\Android Studio\jbr\bin\net.dll
0x00007ffc44060000 - 0x00007ffc4418c000 	C:\WINDOWS\SYSTEM32\WINHTTP.dll
0x00007ffc46660000 - 0x00007ffc466ca000 	C:\WINDOWS\system32\mswsock.dll
0x00007ffc3f6c0000 - 0x00007ffc3f6d6000 	C:\Program Files\Android\Android Studio\jbr\bin\nio.dll
0x00007ffc3a330000 - 0x00007ffc3a340000 	C:\Program Files\Android\Android Studio\jbr\bin\verify.dll
0x00007ffc26d30000 - 0x00007ffc26d57000 	C:\Users\arima\.gradle\native\c067742578af261105cb4f569cf0c3c89f3d7b1fecec35dd04571415982c5e48\windows-amd64\native-platform.dll
0x00007ffbf8bd0000 - 0x00007ffbf8d14000 	C:\Users\arima\.gradle\native\100fb08df4bc3b14c8652ba06237920a3bd2aa13389f12d3474272988ae205f9\windows-amd64\native-platform-file-events.dll
0x00007ffc3daa0000 - 0x00007ffc3daa9000 	C:\Program Files\Android\Android Studio\jbr\bin\management.dll
0x00007ffc3da90000 - 0x00007ffc3da9b000 	C:\Program Files\Android\Android Studio\jbr\bin\management_ext.dll
0x00007ffc485f0000 - 0x00007ffc485f8000 	C:\WINDOWS\System32\PSAPI.DLL
0x00007ffc468b0000 - 0x00007ffc468cb000 	C:\WINDOWS\SYSTEM32\CRYPTSP.dll
0x00007ffc46150000 - 0x00007ffc46187000 	C:\WINDOWS\system32\rsaenh.dll
0x00007ffc46750000 - 0x00007ffc46778000 	C:\WINDOWS\SYSTEM32\USERENV.dll
0x00007ffc468d0000 - 0x00007ffc468dc000 	C:\WINDOWS\SYSTEM32\CRYPTBASE.dll
0x00007ffc45c00000 - 0x00007ffc45c2d000 	C:\WINDOWS\SYSTEM32\IPHLPAPI.DLL
0x00007ffc484d0000 - 0x00007ffc484d9000 	C:\WINDOWS\System32\NSI.dll
0x00007ffc3f9b0000 - 0x00007ffc3f9b9000 	C:\Program Files\Android\Android Studio\jbr\bin\extnet.dll
0x00007ffc3d6b0000 - 0x00007ffc3d6b8000 	C:\WINDOWS\system32\wshunix.dll

dbghelp: loaded successfully - version: 4.0.5 - missing functions: none
symbol engine: initialized successfully - sym options: 0x614 - pdb path: .;C:\Program Files\Android\Android Studio\jbr\bin;C:\WINDOWS\SYSTEM32;C:\WINDOWS\WinSxS\amd64_microsoft.windows.common-controls_6595b64144ccf1df_6.0.22621.4830_none_270fe7d773858e80;C:\Program Files\Android\Android Studio\jbr\bin\server;C:\Users\arima\.gradle\native\c067742578af261105cb4f569cf0c3c89f3d7b1fecec35dd04571415982c5e48\windows-amd64;C:\Users\arima\.gradle\native\100fb08df4bc3b14c8652ba06237920a3bd2aa13389f12d3474272988ae205f9\windows-amd64

VM Arguments:
jvm_args: --add-opens=java.base/java.util=ALL-UNNAMED --add-opens=java.base/java.lang=ALL-UNNAMED --add-opens=java.base/java.lang.invoke=ALL-UNNAMED --add-opens=java.prefs/java.util.prefs=ALL-UNNAMED --add-exports=jdk.compiler/com.sun.tools.javac.api=ALL-UNNAMED --add-exports=jdk.compiler/com.sun.tools.javac.util=ALL-UNNAMED --add-opens=java.base/java.nio.charset=ALL-UNNAMED --add-opens=java.base/java.net=ALL-UNNAMED --add-opens=java.base/java.util.concurrent.atomic=ALL-UNNAMED -Xmx2048m -Dfile.encoding=UTF-8 -Duser.country=US -Duser.language=en -Duser.variant -javaagent:C:\Users\arima\.gradle\wrapper\dists\gradle-8.10.2-bin\a04bxjujx95o3nb99gddekhwo\gradle-8.10.2\lib\agents\gradle-instrumentation-agent-8.10.2.jar 
java_command: org.gradle.launcher.daemon.bootstrap.GradleDaemon 8.10.2
java_class_path (initial): C:\Users\arima\.gradle\wrapper\dists\gradle-8.10.2-bin\a04bxjujx95o3nb99gddekhwo\gradle-8.10.2\lib\gradle-daemon-main-8.10.2.jar
Launcher Type: SUN_STANDARD

[Global flags]
     intx CICompilerCount                          = 12                                        {product} {ergonomic}
     uint ConcGCThreads                            = 3                                         {product} {ergonomic}
     uint G1ConcRefinementThreads                  = 13                                        {product} {ergonomic}
   size_t G1HeapRegionSize                         = 1048576                                   {product} {ergonomic}
    uintx GCDrainStackTargetSize                   = 64                                        {product} {ergonomic}
   size_t InitialHeapSize                          = 121634816                                 {product} {ergonomic}
   size_t MarkStackSize                            = 4194304                                   {product} {ergonomic}
   size_t MaxHeapSize                              = 2147483648                                {product} {command line}
   size_t MaxNewSize                               = 1287651328                                {product} {ergonomic}
   size_t MinHeapDeltaBytes                        = 1048576                                   {product} {ergonomic}
   size_t MinHeapSize                              = 8388608                                   {product} {ergonomic}
    uintx NonNMethodCodeHeapSize                   = 7602480                                {pd product} {ergonomic}
    uintx NonProfiledCodeHeapSize                  = 122027880                              {pd product} {ergonomic}
    uintx ProfiledCodeHeapSize                     = 122027880                              {pd product} {ergonomic}
    uintx ReservedCodeCacheSize                    = 251658240                              {pd product} {ergonomic}
     bool SegmentedCodeCache                       = true                                      {product} {ergonomic}
   size_t SoftMaxHeapSize                          = 2147483648                             {manageable} {ergonomic}
     bool UseCompressedOops                        = true                           {product lp64_product} {ergonomic}
     bool UseG1GC                                  = true                                      {product} {ergonomic}
     bool UseLargePagesIndividualAllocation        = false                                  {pd product} {ergonomic}

Logging:
Log output configuration:
 #0: stdout all=warning uptime,level,tags foldmultilines=false
 #1: stderr all=off uptime,level,tags foldmultilines=false

Environment Variables:
PATH=C:\Program Files\Microsoft MPI\Bin\;C:\Program Files\Common Files\Oracle\Java\javapath;C:\Program Files (x86)\VMware\VMware Workstation\bin\;C:\Program Files\Python311\Scripts\;C:\Program Files\Python311\;C:\WINDOWS\system32;C:\WINDOWS;C:\WINDOWS\System32\Wbem;C:\WINDOWS\System32\WindowsPowerShell\v1.0\;C:\WINDOWS\System32\OpenSSH\;C:\MinGW\bin;C:\Program Files\Java\jdk-21\bin;C:\Program Files (x86)\Microsoft SQL Server\160\Tools\Binn\;C:\Program Files\Microsoft SQL Server\160\Tools\Binn\;C:\Program Files\Microsoft SQL Server\Client SDK\ODBC\170\Tools\Binn\;C:\Program Files\Microsoft SQL Server\160\DTS\Binn\;C:\Program Files\Azure Data Studio\bin;C:\Program Files\Git\cmd;C:\Program Files\Microsoft SQL Server\150\Tools\Binn\;C:\Program Files (x86)\Microsoft SQL Server\160\DTS\Binn\;C:\Program Files\dotnet\;C:\Program Files\nodejs\;C:\Program Files\MySQL\MySQL Shell 8.0\bin\;C:\Users\arima\AppData\Local\Microsoft\WindowsApps;;C:\Users\arima\AppData\Local\Programs\Microsoft VS Code\bin;C:\Program Files\JetBrains\IntelliJ IDEA Community Edition 2023.3.3\bin;;C:\Program Files\Azure Data Studio\bin;C:\Users\arima\.dotnet\tools;C:\Program Files\JetBrains\PyCharm 2024.3.2\bin;;C:\Users\arima\AppData\Roaming\npm
USERNAME=arima
OS=Windows_NT
PROCESSOR_IDENTIFIER=AMD64 Family 25 Model 68 Stepping 1, AuthenticAMD
TMP=C:\Users\arima\AppData\Local\Temp
TEMP=C:\Users\arima\AppData\Local\Temp




Periodic native trim disabled

JNI global refs:
JNI global refs: 32, weak refs: 6

JNI global refs memory usage: 835, weak refs: 833

Process memory usage:
Resident Set Size: 258492K (3% of 7599212K total physical memory with 461060K free physical memory)

OOME stack traces (most recent first):
Classloader memory used:
Loader org.gradle.internal.classloader.VisitableURLClassLoader                         : 22101K
Loader bootstrap                                                                       : 21274K
Loader org.gradle.initialization.MixInLegacyTypesClassLoader                           : 4407K
Loader jdk.internal.loader.ClassLoaders$PlatformClassLoader                            : 511K
Loader jdk.internal.loader.ClassLoaders$AppClassLoader                                 : 234K
Loader org.gradle.internal.classloader.VisitableURLClassLoader                         : 3608B

Classes loaded by more than one classloader:
Class org.gradle.internal.classloader.FilteringClassLoader                            : loaded 2 times (x 101B)
Class org.gradle.internal.classloader.ClassLoaderHierarchy                            : loaded 2 times (x 66B)
Class org.gradle.api.internal.classpath.ManifestUtil                                  : loaded 2 times (x 67B)
Class org.gradle.internal.classloader.DefaultClassLoaderFactory                       : loaded 2 times (x 78B)
Class org.gradle.internal.classloader.ClassLoaderVisitor                              : loaded 2 times (x 72B)
Class org.gradle.api.internal.classpath.EffectiveClassPath                            : loaded 2 times (x 86B)
Class org.gradle.api.internal.DefaultClassPathProvider                                : loaded 2 times (x 72B)
Class [Lorg.gradle.api.internal.ClassPathProvider;                                    : loaded 2 times (x 65B)
Class org.gradle.api.internal.ClassPathProvider                                       : loaded 2 times (x 66B)
Class org.gradle.internal.service.UnknownServiceException                             : loaded 2 times (x 79B)
Class org.gradle.internal.classpath.TransformedClassPath                              : loaded 2 times (x 92B)
Class org.gradle.internal.classloader.InstrumentingClassLoader                        : loaded 2 times (x 66B)
Class org.gradle.internal.service.ServiceLocator                                      : loaded 2 times (x 66B)
Class org.gradle.internal.InternalTransformer                                         : loaded 2 times (x 66B)
Class org.gradle.internal.classloader.ClasspathUtil$1                                 : loaded 2 times (x 72B)
Class org.gradle.api.internal.classpath.DefaultModuleRegistry$DefaultModule           : loaded 2 times (x 82B)
Class org.gradle.api.internal.classpath.Module                                        : loaded 2 times (x 66B)
Class org.gradle.api.internal.classpath.UnknownModuleException                        : loaded 2 times (x 78B)
Class org.gradle.api.internal.DefaultClassPathRegistry                                : loaded 2 times (x 72B)
Class org.gradle.api.internal.ClassPathRegistry                                       : loaded 2 times (x 66B)
Class org.gradle.internal.classpath.DefaultClassPath$ImmutableUniqueList              : loaded 2 times (x 195B)
Class org.gradle.internal.classpath.ClassPath                                         : loaded 2 times (x 66B)
Class org.gradle.api.UncheckedIOException                                             : loaded 2 times (x 78B)
Class org.gradle.internal.installation.GradleInstallation$1                           : loaded 2 times (x 71B)
Class org.gradle.api.internal.classpath.ModuleRegistry                                : loaded 2 times (x 66B)
Class org.gradle.api.internal.classpath.DefaultModuleRegistry                         : loaded 2 times (x 82B)
Class org.gradle.internal.service.ServiceLookupException                              : loaded 2 times (x 78B)
Class org.gradle.internal.classloader.ClassLoaderFactory                              : loaded 2 times (x 66B)
Class org.gradle.internal.service.CachingServiceLocator                               : loaded 2 times (x 78B)
Class org.gradle.internal.classloader.ClasspathUtil                                   : loaded 2 times (x 67B)
Class org.gradle.api.specs.Spec                                                       : loaded 2 times (x 66B)
Class org.gradle.internal.classloader.VisitableURLClassLoader$InstrumentingVisitableURLClassLoader: loaded 2 times (x 119B)
Class org.gradle.internal.classloader.VisitableURLClassLoader$Spec                    : loaded 2 times (x 70B)
Class org.gradle.internal.classpath.DefaultClassPath                                  : loaded 2 times (x 86B)
Class org.gradle.internal.classloader.ClassLoaderSpec                                 : loaded 2 times (x 67B)
Class org.gradle.internal.classloader.VisitableURLClassLoader                         : loaded 2 times (x 113B)
Class org.gradle.internal.Cast                                                        : loaded 2 times (x 67B)
Class org.gradle.api.Action                                                           : loaded 2 times (x 66B)
Class org.gradle.internal.classpath.DefaultClassPath$ImmutableUniqueList$Builder      : loaded 2 times (x 71B)
Class org.gradle.api.GradleException                                                  : loaded 2 times (x 78B)
Class org.gradle.internal.IoActions                                                   : loaded 2 times (x 67B)
Class org.gradle.internal.classloader.SystemClassLoaderSpec                           : loaded 2 times (x 67B)
Class org.gradle.api.internal.classpath.GlobalCacheRootsProvider                      : loaded 2 times (x 66B)
Class org.gradle.internal.installation.CurrentGradleInstallationLocator               : loaded 2 times (x 67B)
Class org.gradle.internal.service.DefaultServiceLocator                               : loaded 2 times (x 79B)
Class org.gradle.internal.installation.CurrentGradleInstallation                      : loaded 2 times (x 69B)
Class org.gradle.util.internal.GUtil                                                  : loaded 2 times (x 67B)
Class org.gradle.internal.installation.GradleInstallation                             : loaded 2 times (x 71B)

---------------  S Y S T E M  ---------------

OS:
 Windows 11 , 64 bit Build 22621 (10.0.22621.4974)
OS uptime: 1 days 13:08 hours

CPU: total 16 (initial active 16) (16 cores per cpu, 2 threads per core) family 25 model 68 stepping 1 microcode 0x0, cx8, cmov, fxsr, ht, mmx, 3dnowpref, sse, sse2, sse3, ssse3, sse4a, sse4.1, sse4.2, popcnt, lzcnt, tsc, tscinvbit, avx, avx2, aes, clmul, bmi1, bmi2, adx, sha, fma, vzeroupper, clflush, clflushopt, rdtscp, rdpid, f16c, pku, cet_ss
Processor Information for processor 0
  Max Mhz: 3201, Current Mhz: 3201, Mhz Limit: 3201
Processor Information for processor 1
  Max Mhz: 3201, Current Mhz: 2508, Mhz Limit: 3201
Processor Information for processor 2
  Max Mhz: 3201, Current Mhz: 2508, Mhz Limit: 3201
Processor Information for processor 3
  Max Mhz: 3201, Current Mhz: 2508, Mhz Limit: 3201
Processor Information for processor 4
  Max Mhz: 3201, Current Mhz: 2508, Mhz Limit: 3201
Processor Information for processor 5
  Max Mhz: 3201, Current Mhz: 2508, Mhz Limit: 3201
Processor Information for processor 6
  Max Mhz: 3201, Current Mhz: 2508, Mhz Limit: 3201
Processor Information for processor 7
  Max Mhz: 3201, Current Mhz: 2508, Mhz Limit: 3201
Processor Information for processor 8
  Max Mhz: 3201, Current Mhz: 2508, Mhz Limit: 3201
Processor Information for processor 9
  Max Mhz: 3201, Current Mhz: 3201, Mhz Limit: 3201
Processor Information for processor 10
  Max Mhz: 3201, Current Mhz: 2508, Mhz Limit: 3201
Processor Information for processor 11
  Max Mhz: 3201, Current Mhz: 2508, Mhz Limit: 3201
Processor Information for processor 12
  Max Mhz: 3201, Current Mhz: 2508, Mhz Limit: 3201
Processor Information for processor 13
  Max Mhz: 3201, Current Mhz: 2508, Mhz Limit: 3201
Processor Information for processor 14
  Max Mhz: 3201, Current Mhz: 2508, Mhz Limit: 3201
Processor Information for processor 15
  Max Mhz: 3201, Current Mhz: 2508, Mhz Limit: 3201

Memory: 4k page, system-wide physical 7421M (450M free)
TotalPageFile size 26171M (AvailPageFile size 18M)
current process WorkingSet (physical memory assigned to process): 252M, peak: 259M
current process commit charge ("private bytes"): 300M, peak: 316M

vm_info: OpenJDK 64-Bit Server VM (21.0.4+-12508038-b607.1) for windows-amd64 JRE (21.0.4+-12508038-b607.1), built on 2024-10-16T17:23:34Z by "builder" with MS VC++ 16.10 / 16.11 (VS2019)

END.
